{"level":"info","message":"DB Initialized","service":"user-service"}
{"level":"info","message":"\u001b[90m[discovery] \u001b[39mORM entity discovery started, using \u001b[36mReflectMetadataProvider\u001b[39m","service":"user-service"}
{"level":"info","message":"\u001b[90m[discovery] \u001b[39m- processing \u001b[36m9\u001b[39m files","service":"user-service"}
{"level":"info","message":"\u001b[90m[discovery] \u001b[39m- ignoring file index.js","service":"user-service"}
{"level":"info","message":"\u001b[90m[discovery] \u001b[39m- processing entity \u001b[36mBase\u001b[39m\u001b[90m (/home/cburns/dev/proj/reddit-clone-type-graphql/backend/dist/entities/Base.js)\u001b[39m","service":"user-service"}
{"level":"info","message":"\u001b[90m[discovery] \u001b[39m- processing entity \u001b[36mCategory\u001b[39m\u001b[90m (/home/cburns/dev/proj/reddit-clone-type-graphql/backend/dist/entities/Category.js)\u001b[39m","service":"user-service"}
{"level":"info","message":"\u001b[90m[discovery] \u001b[39m- processing entity \u001b[36mComment\u001b[39m\u001b[90m (/home/cburns/dev/proj/reddit-clone-type-graphql/backend/dist/entities/Comment.js)\u001b[39m","service":"user-service"}
{"level":"info","message":"\u001b[90m[discovery] \u001b[39m- processing entity \u001b[36mImage\u001b[39m\u001b[90m (/home/cburns/dev/proj/reddit-clone-type-graphql/backend/dist/entities/Image.js)\u001b[39m","service":"user-service"}
{"level":"info","message":"\u001b[90m[discovery] \u001b[39m- processing entity \u001b[36mMessage\u001b[39m\u001b[90m (/home/cburns/dev/proj/reddit-clone-type-graphql/backend/dist/entities/Message.js)\u001b[39m","service":"user-service"}
{"level":"info","message":"\u001b[90m[discovery] \u001b[39m- processing entity \u001b[36mPost\u001b[39m\u001b[90m (/home/cburns/dev/proj/reddit-clone-type-graphql/backend/dist/entities/Post.js)\u001b[39m","service":"user-service"}
{"level":"info","message":"\u001b[90m[discovery] \u001b[39m- processing entity \u001b[36mUser\u001b[39m\u001b[90m (/home/cburns/dev/proj/reddit-clone-type-graphql/backend/dist/entities/User.js)\u001b[39m","service":"user-service"}
{"level":"info","message":"\u001b[90m[discovery] \u001b[39m- processing entity \u001b[36mVote\u001b[39m\u001b[90m (/home/cburns/dev/proj/reddit-clone-type-graphql/backend/dist/entities/Vote.js)\u001b[39m","service":"user-service"}
{"level":"info","message":"\u001b[90m[discovery] \u001b[39m- processing entity \u001b[36mBaseEntity\u001b[39m","service":"user-service"}
{"level":"info","message":"\u001b[90m[discovery] \u001b[39m- entity discovery finished, found \u001b[32m10\u001b[39m entities, took \u001b[32m51 ms\u001b[39m","service":"user-service"}
{"level":"info","message":"\u001b[90m[info] \u001b[39mMikroORM successfully connected to database \u001b[32mreddit-clone-db on postgres://postgres:*****@172.22.0.3:5432\u001b[39m","service":"user-service"}
{"level":"info","message":"\u001b[90m[query] \u001b[39mselect table_name, nullif(table_schema, 'public') as schema_name from information_schema.tables where table_schema not like 'pg_%' and table_schema != 'information_schema' and table_name != 'geometry_columns' and table_name != 'spatial_ref_sys' and table_type != 'VIEW' order by table_name\u001b[90m [took 4 ms]\u001b[39m","service":"user-service"}
{"level":"info","message":"\u001b[90m[query] \u001b[39mselect * from \"mikro_orm_migrations\" order by \"id\" asc\u001b[90m [took 1 ms]\u001b[39m","service":"user-service"}
{"level":"info","message":"\u001b[90m[discovery] \u001b[39mORM entity discovery started, using \u001b[36mReflectMetadataProvider\u001b[39m","service":"user-service"}
{"level":"info","message":"\u001b[90m[discovery] \u001b[39m- processing \u001b[36m9\u001b[39m files","service":"user-service"}
{"level":"info","message":"\u001b[90m[discovery] \u001b[39m- ignoring file index.js","service":"user-service"}
{"level":"info","message":"\u001b[90m[discovery] \u001b[39m- processing entity \u001b[36mBase\u001b[39m\u001b[90m (/home/cburns/dev/proj/reddit-clone-type-graphql/backend/dist/entities/Base.js)\u001b[39m","service":"user-service"}
{"level":"info","message":"\u001b[90m[discovery] \u001b[39m- processing entity \u001b[36mCategory\u001b[39m\u001b[90m (/home/cburns/dev/proj/reddit-clone-type-graphql/backend/dist/entities/Category.js)\u001b[39m","service":"user-service"}
{"level":"info","message":"\u001b[90m[discovery] \u001b[39m- processing entity \u001b[36mComment\u001b[39m\u001b[90m (/home/cburns/dev/proj/reddit-clone-type-graphql/backend/dist/entities/Comment.js)\u001b[39m","service":"user-service"}
{"level":"info","message":"\u001b[90m[discovery] \u001b[39m- processing entity \u001b[36mImage\u001b[39m\u001b[90m (/home/cburns/dev/proj/reddit-clone-type-graphql/backend/dist/entities/Image.js)\u001b[39m","service":"user-service"}
{"level":"info","message":"\u001b[90m[discovery] \u001b[39m- processing entity \u001b[36mMessage\u001b[39m\u001b[90m (/home/cburns/dev/proj/reddit-clone-type-graphql/backend/dist/entities/Message.js)\u001b[39m","service":"user-service"}
{"level":"info","message":"\u001b[90m[discovery] \u001b[39m- processing entity \u001b[36mPost\u001b[39m\u001b[90m (/home/cburns/dev/proj/reddit-clone-type-graphql/backend/dist/entities/Post.js)\u001b[39m","service":"user-service"}
{"level":"info","message":"\u001b[90m[discovery] \u001b[39m- processing entity \u001b[36mUser\u001b[39m\u001b[90m (/home/cburns/dev/proj/reddit-clone-type-graphql/backend/dist/entities/User.js)\u001b[39m","service":"user-service"}
{"level":"info","message":"\u001b[90m[discovery] \u001b[39m- processing entity \u001b[36mVote\u001b[39m\u001b[90m (/home/cburns/dev/proj/reddit-clone-type-graphql/backend/dist/entities/Vote.js)\u001b[39m","service":"user-service"}
{"level":"info","message":"\u001b[90m[discovery] \u001b[39m- processing entity \u001b[36mBaseEntity\u001b[39m","service":"user-service"}
{"level":"info","message":"\u001b[90m[discovery] \u001b[39m- entity discovery finished, found \u001b[32m10\u001b[39m entities, took \u001b[32m48 ms\u001b[39m","service":"user-service"}
{"level":"info","message":"\u001b[90m[info] \u001b[39mMikroORM successfully connected to database \u001b[32mreddit-clone-db on postgres://postgres:*****@172.22.0.3:5432\u001b[39m","service":"user-service"}
{"level":"info","message":"\u001b[90m[query] \u001b[39mselect table_name, nullif(table_schema, 'public') as schema_name from information_schema.tables where table_schema not like 'pg_%' and table_schema != 'information_schema' and table_name != 'geometry_columns' and table_name != 'spatial_ref_sys' and table_type != 'VIEW' order by table_name\u001b[90m [took 3 ms]\u001b[39m","service":"user-service"}
{"level":"info","message":"\u001b[90m[query] \u001b[39mselect * from \"mikro_orm_migrations\" order by \"id\" asc\u001b[90m [took 2 ms]\u001b[39m","service":"user-service"}
{"level":"info","message":"\u001b[90m[discovery] \u001b[39mORM entity discovery started, using \u001b[36mReflectMetadataProvider\u001b[39m","service":"user-service"}
{"level":"info","message":"\u001b[90m[discovery] \u001b[39m- processing \u001b[36m9\u001b[39m files","service":"user-service"}
{"level":"info","message":"\u001b[90m[discovery] \u001b[39m- ignoring file index.js","service":"user-service"}
{"level":"info","message":"\u001b[90m[discovery] \u001b[39m- processing entity \u001b[36mBase\u001b[39m\u001b[90m (/home/cburns/dev/proj/reddit-clone-type-graphql/backend/dist/entities/Base.js)\u001b[39m","service":"user-service"}
{"level":"info","message":"\u001b[90m[discovery] \u001b[39m- processing entity \u001b[36mCategory\u001b[39m\u001b[90m (/home/cburns/dev/proj/reddit-clone-type-graphql/backend/dist/entities/Category.js)\u001b[39m","service":"user-service"}
{"level":"info","message":"\u001b[90m[discovery] \u001b[39m- processing entity \u001b[36mComment\u001b[39m\u001b[90m (/home/cburns/dev/proj/reddit-clone-type-graphql/backend/dist/entities/Comment.js)\u001b[39m","service":"user-service"}
{"level":"info","message":"\u001b[90m[discovery] \u001b[39m- processing entity \u001b[36mImage\u001b[39m\u001b[90m (/home/cburns/dev/proj/reddit-clone-type-graphql/backend/dist/entities/Image.js)\u001b[39m","service":"user-service"}
{"level":"info","message":"\u001b[90m[discovery] \u001b[39m- processing entity \u001b[36mMessage\u001b[39m\u001b[90m (/home/cburns/dev/proj/reddit-clone-type-graphql/backend/dist/entities/Message.js)\u001b[39m","service":"user-service"}
{"level":"info","message":"\u001b[90m[discovery] \u001b[39m- processing entity \u001b[36mPost\u001b[39m\u001b[90m (/home/cburns/dev/proj/reddit-clone-type-graphql/backend/dist/entities/Post.js)\u001b[39m","service":"user-service"}
{"level":"info","message":"\u001b[90m[discovery] \u001b[39m- processing entity \u001b[36mUser\u001b[39m\u001b[90m (/home/cburns/dev/proj/reddit-clone-type-graphql/backend/dist/entities/User.js)\u001b[39m","service":"user-service"}
{"level":"info","message":"\u001b[90m[discovery] \u001b[39m- processing entity \u001b[36mVote\u001b[39m\u001b[90m (/home/cburns/dev/proj/reddit-clone-type-graphql/backend/dist/entities/Vote.js)\u001b[39m","service":"user-service"}
{"level":"info","message":"\u001b[90m[discovery] \u001b[39m- processing entity \u001b[36mBaseEntity\u001b[39m","service":"user-service"}
{"level":"info","message":"\u001b[90m[discovery] \u001b[39m- entity discovery finished, found \u001b[32m10\u001b[39m entities, took \u001b[32m45 ms\u001b[39m","service":"user-service"}
{"level":"info","message":"\u001b[90m[info] \u001b[39mMikroORM successfully connected to database \u001b[32mreddit-clone-db on postgres://postgres:*****@172.22.0.3:5432\u001b[39m","service":"user-service"}
{"level":"info","message":"\u001b[90m[query] \u001b[39mselect table_name, nullif(table_schema, 'public') as schema_name from information_schema.tables where table_schema not like 'pg_%' and table_schema != 'information_schema' and table_name != 'geometry_columns' and table_name != 'spatial_ref_sys' and table_type != 'VIEW' order by table_name\u001b[90m [took 4 ms]\u001b[39m","service":"user-service"}
{"level":"info","message":"\u001b[90m[query] \u001b[39mselect * from \"mikro_orm_migrations\" order by \"id\" asc\u001b[90m [took 2 ms]\u001b[39m","service":"user-service"}
{"level":"info","message":"\u001b[90m[query] \u001b[39mselect \"e0\".\"id\", \"e0\".\"created_at\", \"e0\".\"updated_at\", \"e0\".\"title\", \"e0\".\"text\", \"e0\".\"link\", \"e0\".\"author_id\", \"e0\".\"category_id\" from \"post\" as \"e0\"\u001b[90m [took 14 ms]\u001b[39m","service":"user-service"}
{"level":"info","message":"\u001b[90m[query] \u001b[39mselect count(distinct(\"e0\".\"id\")) as \"count\" from \"post\" as \"e0\"\u001b[90m [took 19 ms]\u001b[39m","service":"user-service"}
{"level":"info","message":"\u001b[90m[query] \u001b[39mselect \"e0\".\"id\", \"e0\".\"created_at\", \"e0\".\"updated_at\", \"e0\".\"title\", \"e0\".\"text\", \"e0\".\"link\", \"e0\".\"author_id\", \"e0\".\"category_id\" from \"post\" as \"e0\" order by \"e0\".\"created_at\" asc limit 2\u001b[90m [took 17 ms]\u001b[39m","service":"user-service"}
{"level":"info","message":"\u001b[90m[query] \u001b[39mselect count(distinct(\"e0\".\"id\")) as \"count\" from \"post\" as \"e0\"\u001b[90m [took 20 ms]\u001b[39m","service":"user-service"}
{"level":"info","message":"\u001b[90m[query] \u001b[39mselect \"e0\".\"id\", \"e0\".\"created_at\", \"e0\".\"updated_at\", \"e0\".\"title\", \"e0\".\"text\", \"e0\".\"link\", \"e0\".\"author_id\", \"e0\".\"category_id\" from \"post\" as \"e0\" left join \"category\" as \"e1\" on \"e0\".\"category_id\" = \"e1\".\"id\" where \"e1\".\"name\" is null\u001b[90m [took 24 ms]\u001b[39m","service":"user-service"}
{"level":"info","message":"\u001b[90m[query] \u001b[39mselect count(distinct(\"e0\".\"id\")) as \"count\" from \"post\" as \"e0\" left join \"category\" as \"e1\" on \"e0\".\"category_id\" = \"e1\".\"id\" where \"e1\".\"name\" is null\u001b[90m [took 25 ms]\u001b[39m","service":"user-service"}
{"level":"info","message":"\u001b[90m[query] \u001b[39mselect count(distinct(\"e0\".\"id\")) as \"count\" from \"category\" as \"e0\"\u001b[90m [took 2 ms]\u001b[39m","service":"user-service"}
{"level":"info","message":"\u001b[90m[query] \u001b[39mselect \"e0\".* from \"category\" as \"e0\" order by \"e0\".\"created_at\" desc\u001b[90m [took 3 ms]\u001b[39m","service":"user-service"}
{"level":"info","message":"User connected","service":"user-service"}
{"level":"info","message":"\u001b[90m[query] \u001b[39mselect count(distinct(\"e0\".\"id\")) as \"count\" from \"category\" as \"e0\"\u001b[90m [took 7 ms]\u001b[39m","service":"user-service"}
{"level":"info","message":"\u001b[90m[query] \u001b[39mselect \"e0\".* from \"category\" as \"e0\" order by \"e0\".\"created_at\" desc\u001b[90m [took 10 ms]\u001b[39m","service":"user-service"}
{"level":"info","message":"\u001b[90m[query] \u001b[39mselect \"e0\".* from \"user\" as \"e0\" where \"e0\".\"id\" = '78779287-07b3-4c18-b5ed-1dd7d9c870dd' limit 1\u001b[90m [took 16 ms]\u001b[39m","service":"user-service"}
{"level":"info","message":"\u001b[90m[query] \u001b[39mselect \"e0\".* from \"user\" as \"e0\" where \"e0\".\"username\" = 'burnsco' limit 1\u001b[90m [took 0 ms]\u001b[39m","service":"user-service"}
{"level":"info","message":"\u001b[90m[query] \u001b[39mselect \"e0\".* from \"user\" as \"e0\" where \"e0\".\"email\" = 'coreyburns@outlook.com' limit 1\u001b[90m [took 0 ms]\u001b[39m","service":"user-service"}
{"level":"info","message":"\u001b[90m[query] \u001b[39mbegin","service":"user-service"}
{"level":"info","message":"\u001b[90m[query] \u001b[39minsert into \"user\" (\"created_at\", \"email\", \"id\", \"password\", \"roles\", \"updated_at\", \"username\") values ('2021-03-06T15:18:41.450Z', 'coreyburns@outlook.com', 'fe018d6d-aba5-4abf-9c0a-abfcefc4c061', '$argon2i$v=19$m=4096,t=3,p=1$0lUPPTwSIMDT77tqdaZM2w$H6u/3ivBgrRNu/Z40J3nyWf1mwwYHkJzVns74e7TTDs', '{user}', '2021-03-06T15:18:41.450Z', 'burnsco') returning \"id\", \"roles\", \"status\"\u001b[90m [took 2 ms]\u001b[39m","service":"user-service"}
{"level":"info","message":"\u001b[90m[query] \u001b[39mcommit","service":"user-service"}
{"level":"info","message":"\u001b[90m[query] \u001b[39mselect \"e0\".* from \"user\" as \"e0\" where \"e0\".\"id\" = 'fe018d6d-aba5-4abf-9c0a-abfcefc4c061' limit 1\u001b[90m [took 1 ms]\u001b[39m","service":"user-service"}
{"level":"info","message":"\u001b[90m[query] \u001b[39mselect \"e0\".\"id\", \"e0\".\"created_at\", \"e0\".\"updated_at\", \"e0\".\"title\", \"e0\".\"text\", \"e0\".\"link\", \"e0\".\"author_id\", \"e0\".\"category_id\" from \"post\" as \"e0\"\u001b[90m [took 3 ms]\u001b[39m","service":"user-service"}
{"level":"info","message":"\u001b[90m[query] \u001b[39mselect count(distinct(\"e0\".\"id\")) as \"count\" from \"post\" as \"e0\"\u001b[90m [took 4 ms]\u001b[39m","service":"user-service"}
{"level":"info","message":"\u001b[90m[query] \u001b[39mselect \"e0\".\"id\", \"e0\".\"created_at\", \"e0\".\"updated_at\", \"e0\".\"title\", \"e0\".\"text\", \"e0\".\"link\", \"e0\".\"author_id\", \"e0\".\"category_id\" from \"post\" as \"e0\" order by \"e0\".\"created_at\" asc limit 2\u001b[90m [took 3 ms]\u001b[39m","service":"user-service"}
{"level":"info","message":"\u001b[90m[query] \u001b[39mselect count(distinct(\"e0\".\"id\")) as \"count\" from \"post\" as \"e0\"\u001b[90m [took 5 ms]\u001b[39m","service":"user-service"}
{"level":"info","message":"\u001b[90m[query] \u001b[39mselect \"e0\".\"id\", \"e0\".\"created_at\", \"e0\".\"updated_at\", \"e0\".\"title\", \"e0\".\"text\", \"e0\".\"link\", \"e0\".\"author_id\", \"e0\".\"category_id\" from \"post\" as \"e0\" left join \"category\" as \"e1\" on \"e0\".\"category_id\" = \"e1\".\"id\" where \"e1\".\"name\" is null\u001b[90m [took 6 ms]\u001b[39m","service":"user-service"}
{"level":"info","message":"\u001b[90m[query] \u001b[39mselect count(distinct(\"e0\".\"id\")) as \"count\" from \"post\" as \"e0\" left join \"category\" as \"e1\" on \"e0\".\"category_id\" = \"e1\".\"id\" where \"e1\".\"name\" is null\u001b[90m [took 14 ms]\u001b[39m","service":"user-service"}
{"level":"info","message":"\u001b[90m[query] \u001b[39mselect \"e0\".* from \"category\" as \"e0\" order by \"e0\".\"created_at\" desc\u001b[90m [took 1 ms]\u001b[39m","service":"user-service"}
{"level":"info","message":"\u001b[90m[query] \u001b[39mselect count(distinct(\"e0\".\"id\")) as \"count\" from \"category\" as \"e0\"\u001b[90m [took 1 ms]\u001b[39m","service":"user-service"}
{"level":"info","message":"\u001b[90m[query] \u001b[39mselect \"e0\".* from \"category\" as \"e0\" where \"e0\".\"name\" = 'music' limit 1\u001b[90m [took 1 ms]\u001b[39m","service":"user-service"}
{"level":"info","message":"\u001b[90m[query] \u001b[39mbegin","service":"user-service"}
{"level":"info","message":"\u001b[90m[query] \u001b[39minsert into \"category\" (\"created_at\", \"id\", \"name\", \"updated_at\") values ('2021-03-06T15:18:46.514Z', 'b9ae4900-20f1-44c2-a7db-4845f5e58987', 'music', '2021-03-06T15:18:46.514Z') returning \"id\"\u001b[90m [took 1 ms]\u001b[39m","service":"user-service"}
{"level":"info","message":"\u001b[90m[query] \u001b[39mcommit","service":"user-service"}
{"level":"info","message":"\u001b[90m[query] \u001b[39mselect \"e0\".* from \"category\" as \"e0\" order by \"e0\".\"created_at\" desc\u001b[90m [took 0 ms]\u001b[39m","service":"user-service"}
{"level":"info","message":"\u001b[90m[query] \u001b[39mselect count(distinct(\"e0\".\"id\")) as \"count\" from \"category\" as \"e0\"\u001b[90m [took 1 ms]\u001b[39m","service":"user-service"}
{"level":"info","message":"\u001b[90m[query] \u001b[39mselect \"e0\".\"id\", \"e0\".\"created_at\", \"e0\".\"updated_at\", \"e0\".\"title\", \"e0\".\"text\", \"e0\".\"link\", \"e0\".\"author_id\", \"e0\".\"category_id\" from \"post\" as \"e0\"\u001b[90m [took 3 ms]\u001b[39m","service":"user-service"}
{"level":"info","message":"\u001b[90m[query] \u001b[39mselect count(distinct(\"e0\".\"id\")) as \"count\" from \"post\" as \"e0\"\u001b[90m [took 3 ms]\u001b[39m","service":"user-service"}
{"level":"info","message":"\u001b[90m[query] \u001b[39mselect count(distinct(\"e0\".\"id\")) as \"count\" from \"post\" as \"e0\" left join \"category\" as \"e1\" on \"e0\".\"category_id\" = \"e1\".\"id\" where \"e1\".\"name\" = 'music'\u001b[90m [took 2 ms]\u001b[39m","service":"user-service"}
{"level":"info","message":"\u001b[90m[query] \u001b[39mselect count(distinct(\"e0\".\"id\")) as \"count\" from \"post\" as \"e0\" left join \"category\" as \"e1\" on \"e0\".\"category_id\" = \"e1\".\"id\" where \"e1\".\"name\" = 'music'\u001b[90m [took 2 ms]\u001b[39m","service":"user-service"}
{"level":"info","message":"\u001b[90m[query] \u001b[39mselect \"e0\".\"id\", \"e0\".\"created_at\", \"e0\".\"updated_at\", \"e0\".\"title\", \"e0\".\"text\", \"e0\".\"link\", \"e0\".\"author_id\", \"e0\".\"category_id\" from \"post\" as \"e0\" left join \"category\" as \"e1\" on \"e0\".\"category_id\" = \"e1\".\"id\" where \"e1\".\"name\" = 'music' order by \"e0\".\"created_at\" desc limit 2\u001b[90m [took 6 ms]\u001b[39m","service":"user-service"}
{"level":"info","message":"\u001b[90m[query] \u001b[39mselect \"e0\".\"id\", \"e0\".\"created_at\", \"e0\".\"updated_at\", \"e0\".\"title\", \"e0\".\"text\", \"e0\".\"link\", \"e0\".\"author_id\", \"e0\".\"category_id\" from \"post\" as \"e0\" left join \"category\" as \"e1\" on \"e0\".\"category_id\" = \"e1\".\"id\" where \"e1\".\"name\" = 'music'\u001b[90m [took 6 ms]\u001b[39m","service":"user-service"}
{"level":"info","message":"\u001b[90m[query] \u001b[39mselect \"e0\".* from \"category\" as \"e0\" order by \"e0\".\"created_at\" desc\u001b[90m [took 3 ms]\u001b[39m","service":"user-service"}
{"level":"info","message":"\u001b[90m[query] \u001b[39mselect count(distinct(\"e0\".\"id\")) as \"count\" from \"category\" as \"e0\"\u001b[90m [took 5 ms]\u001b[39m","service":"user-service"}
{"level":"info","message":"\u001b[90m[query] \u001b[39mbegin","service":"user-service"}
{"level":"info","message":"\u001b[90m[query] \u001b[39minsert into \"post\" (\"author_id\", \"category_id\", \"created_at\", \"id\", \"link\", \"text\", \"title\", \"updated_at\") values ('fe018d6d-aba5-4abf-9c0a-abfcefc4c061', 'b9ae4900-20f1-44c2-a7db-4845f5e58987', '2021-03-06T15:19:03.954Z', '737fd2e8-9d4e-4b1f-be19-155d1e6e30be', '', 'IS the BEST!!', 'Led Zeppelin', '2021-03-06T15:19:03.954Z') returning \"id\"\u001b[90m [took 1 ms]\u001b[39m","service":"user-service"}
{"level":"info","message":"\u001b[90m[query] \u001b[39mcommit","service":"user-service"}
{"level":"info","message":"\u001b[90m[query] \u001b[39mselect \"e0\".* from \"comment\" as \"e0\" where \"e0\".\"post_id\" = '737fd2e8-9d4e-4b1f-be19-155d1e6e30be'\u001b[90m [took 2 ms]\u001b[39m","service":"user-service"}
{"level":"info","message":"\u001b[90m[query] \u001b[39mselect \"e0\".* from \"category\" as \"e0\" where \"e0\".\"id\" = 'b9ae4900-20f1-44c2-a7db-4845f5e58987' limit 1\u001b[90m [took 3 ms]\u001b[39m","service":"user-service"}
{"level":"info","message":"\u001b[90m[query] \u001b[39mselect \"e0\".* from \"comment\" as \"e0\" where \"e0\".\"post_id\" = '737fd2e8-9d4e-4b1f-be19-155d1e6e30be'\u001b[90m [took 7 ms]\u001b[39m","service":"user-service"}
{"level":"info","message":"\u001b[90m[query] \u001b[39mselect count(distinct(\"e0\".\"id\")) as \"count\" from \"comment\" as \"e0\" where \"e0\".\"post_id\" = '737fd2e8-9d4e-4b1f-be19-155d1e6e30be'\u001b[90m [took 7 ms]\u001b[39m","service":"user-service"}
{"level":"info","message":"\u001b[90m[query] \u001b[39mselect \"e0\".* from \"user\" as \"e0\" where \"e0\".\"id\" = 'fe018d6d-aba5-4abf-9c0a-abfcefc4c061' limit 1\u001b[90m [took 8 ms]\u001b[39m","service":"user-service"}
{"level":"info","message":"\u001b[90m[query] \u001b[39mselect count(distinct(\"e0\".\"id\")) as \"count\" from \"vote\" as \"e0\" where \"e0\".\"post_id\" = '737fd2e8-9d4e-4b1f-be19-155d1e6e30be'\u001b[90m [took 9 ms]\u001b[39m","service":"user-service"}
{"level":"info","message":"\u001b[90m[query] \u001b[39mselect \"e0\".* from \"vote\" as \"e0\" where \"e0\".\"post_id\" = '737fd2e8-9d4e-4b1f-be19-155d1e6e30be'\u001b[90m [took 9 ms]\u001b[39m","service":"user-service"}
{"level":"info","message":"\u001b[90m[query] \u001b[39mselect count(distinct(\"e0\".\"id\")) as \"count\" from \"post\" as \"e0\"\u001b[90m [took 4 ms]\u001b[39m","service":"user-service"}
{"level":"info","message":"\u001b[90m[query] \u001b[39mselect \"e0\".\"id\", \"e0\".\"created_at\", \"e0\".\"updated_at\", \"e0\".\"title\", \"e0\".\"text\", \"e0\".\"link\", \"e0\".\"author_id\", \"e0\".\"category_id\" from \"post\" as \"e0\"\u001b[90m [took 4 ms]\u001b[39m","service":"user-service"}
{"level":"info","message":"\u001b[90m[query] \u001b[39mselect \"e0\".\"id\", \"e0\".\"created_at\", \"e0\".\"updated_at\", \"e0\".\"title\", \"e0\".\"text\", \"e0\".\"link\", \"e0\".\"author_id\", \"e0\".\"category_id\" from \"post\" as \"e0\" order by \"e0\".\"created_at\" asc limit 2\u001b[90m [took 4 ms]\u001b[39m","service":"user-service"}
{"level":"info","message":"\u001b[90m[query] \u001b[39mselect count(distinct(\"e0\".\"id\")) as \"count\" from \"post\" as \"e0\"\u001b[90m [took 4 ms]\u001b[39m","service":"user-service"}
{"level":"info","message":"\u001b[90m[query] \u001b[39mselect \"e0\".\"id\", \"e0\".\"created_at\", \"e0\".\"updated_at\", \"e0\".\"title\", \"e0\".\"text\", \"e0\".\"link\", \"e0\".\"author_id\", \"e0\".\"category_id\" from \"post\" as \"e0\" left join \"category\" as \"e1\" on \"e0\".\"category_id\" = \"e1\".\"id\" where \"e1\".\"name\" is null\u001b[90m [took 9 ms]\u001b[39m","service":"user-service"}
{"level":"info","message":"\u001b[90m[query] \u001b[39mselect \"e0\".* from \"comment\" as \"e0\" where \"e0\".\"post_id\" = '737fd2e8-9d4e-4b1f-be19-155d1e6e30be'\u001b[90m [took 3 ms]\u001b[39m","service":"user-service"}
{"level":"info","message":"\u001b[90m[query] \u001b[39mselect \"e0\".* from \"user\" as \"e0\" where \"e0\".\"id\" = 'fe018d6d-aba5-4abf-9c0a-abfcefc4c061' limit 1\u001b[90m [took 4 ms]\u001b[39m","service":"user-service"}
{"level":"info","message":"\u001b[90m[query] \u001b[39mselect \"e0\".* from \"category\" as \"e0\" where \"e0\".\"id\" = 'b9ae4900-20f1-44c2-a7db-4845f5e58987' limit 1\u001b[90m [took 4 ms]\u001b[39m","service":"user-service"}
{"level":"info","message":"\u001b[90m[query] \u001b[39mselect \"e0\".* from \"comment\" as \"e0\" where \"e0\".\"post_id\" = '737fd2e8-9d4e-4b1f-be19-155d1e6e30be'\u001b[90m [took 5 ms]\u001b[39m","service":"user-service"}
{"level":"info","message":"\u001b[90m[query] \u001b[39mselect \"e0\".* from \"vote\" as \"e0\" where \"e0\".\"post_id\" = '737fd2e8-9d4e-4b1f-be19-155d1e6e30be'\u001b[90m [took 5 ms]\u001b[39m","service":"user-service"}
{"level":"info","message":"\u001b[90m[query] \u001b[39mselect count(distinct(\"e0\".\"id\")) as \"count\" from \"post\" as \"e0\" left join \"category\" as \"e1\" on \"e0\".\"category_id\" = \"e1\".\"id\" where \"e1\".\"name\" is null\u001b[90m [took 13 ms]\u001b[39m","service":"user-service"}
{"level":"info","message":"\u001b[90m[query] \u001b[39mselect count(distinct(\"e0\".\"id\")) as \"count\" from \"comment\" as \"e0\" where \"e0\".\"post_id\" = '737fd2e8-9d4e-4b1f-be19-155d1e6e30be'\u001b[90m [took 31 ms]\u001b[39m","service":"user-service"}
{"level":"info","message":"\u001b[90m[query] \u001b[39mselect count(distinct(\"e0\".\"id\")) as \"count\" from \"vote\" as \"e0\" where \"e0\".\"post_id\" = '737fd2e8-9d4e-4b1f-be19-155d1e6e30be'\u001b[90m [took 32 ms]\u001b[39m","service":"user-service"}
{"level":"info","message":"\u001b[90m[query] \u001b[39mselect \"e0\".* from \"category\" as \"e0\" order by \"e0\".\"created_at\" desc\u001b[90m [took 2 ms]\u001b[39m","service":"user-service"}
{"level":"info","message":"\u001b[90m[query] \u001b[39mselect count(distinct(\"e0\".\"id\")) as \"count\" from \"category\" as \"e0\"\u001b[90m [took 8 ms]\u001b[39m","service":"user-service"}
{"level":"info","message":"\u001b[90m[query] \u001b[39mselect \"e0\".\"id\", \"e0\".\"created_at\", \"e0\".\"updated_at\", \"e0\".\"title\", \"e0\".\"text\", \"e0\".\"link\", \"e0\".\"author_id\", \"e0\".\"category_id\" from \"post\" as \"e0\"\u001b[90m [took 12 ms]\u001b[39m","service":"user-service"}
{"level":"info","message":"\u001b[90m[query] \u001b[39mselect count(distinct(\"e0\".\"id\")) as \"count\" from \"post\" as \"e0\"\u001b[90m [took 20 ms]\u001b[39m","service":"user-service"}
{"level":"info","message":"\u001b[90m[query] \u001b[39mselect \"e0\".\"id\", \"e0\".\"created_at\", \"e0\".\"updated_at\", \"e0\".\"title\", \"e0\".\"text\", \"e0\".\"link\", \"e0\".\"author_id\", \"e0\".\"category_id\" from \"post\" as \"e0\" order by \"e0\".\"created_at\" asc limit 2\u001b[90m [took 18 ms]\u001b[39m","service":"user-service"}
{"level":"info","message":"\u001b[90m[query] \u001b[39mselect count(distinct(\"e0\".\"id\")) as \"count\" from \"post\" as \"e0\"\u001b[90m [took 19 ms]\u001b[39m","service":"user-service"}
{"level":"info","message":"\u001b[90m[query] \u001b[39mselect \"e0\".\"id\", \"e0\".\"created_at\", \"e0\".\"updated_at\", \"e0\".\"title\", \"e0\".\"text\", \"e0\".\"link\", \"e0\".\"author_id\", \"e0\".\"category_id\" from \"post\" as \"e0\" left join \"category\" as \"e1\" on \"e0\".\"category_id\" = \"e1\".\"id\" where \"e1\".\"name\" is null\u001b[90m [took 29 ms]\u001b[39m","service":"user-service"}
{"level":"info","message":"\u001b[90m[query] \u001b[39mselect count(distinct(\"e0\".\"id\")) as \"count\" from \"post\" as \"e0\" left join \"category\" as \"e1\" on \"e0\".\"category_id\" = \"e1\".\"id\" where \"e1\".\"name\" is null\u001b[90m [took 30 ms]\u001b[39m","service":"user-service"}
{"level":"info","message":"\u001b[90m[query] \u001b[39mselect \"e0\".* from \"comment\" as \"e0\" where \"e0\".\"post_id\" = '737fd2e8-9d4e-4b1f-be19-155d1e6e30be'\u001b[90m [took 11 ms]\u001b[39m","service":"user-service"}
{"level":"info","message":"\u001b[90m[query] \u001b[39mselect \"e0\".* from \"category\" as \"e0\" where \"e0\".\"id\" = 'b9ae4900-20f1-44c2-a7db-4845f5e58987' limit 1\u001b[90m [took 12 ms]\u001b[39m","service":"user-service"}
{"level":"info","message":"\u001b[90m[query] \u001b[39mselect \"e0\".* from \"user\" as \"e0\" where \"e0\".\"id\" = 'fe018d6d-aba5-4abf-9c0a-abfcefc4c061' limit 1\u001b[90m [took 14 ms]\u001b[39m","service":"user-service"}
{"level":"info","message":"\u001b[90m[query] \u001b[39mselect \"e0\".* from \"comment\" as \"e0\" where \"e0\".\"post_id\" = '737fd2e8-9d4e-4b1f-be19-155d1e6e30be'\u001b[90m [took 16 ms]\u001b[39m","service":"user-service"}
{"level":"info","message":"\u001b[90m[query] \u001b[39mselect count(distinct(\"e0\".\"id\")) as \"count\" from \"comment\" as \"e0\" where \"e0\".\"post_id\" = '737fd2e8-9d4e-4b1f-be19-155d1e6e30be'\u001b[90m [took 16 ms]\u001b[39m","service":"user-service"}
{"level":"info","message":"\u001b[90m[query] \u001b[39mselect \"e0\".* from \"vote\" as \"e0\" where \"e0\".\"post_id\" = '737fd2e8-9d4e-4b1f-be19-155d1e6e30be'\u001b[90m [took 17 ms]\u001b[39m","service":"user-service"}
{"level":"info","message":"\u001b[90m[query] \u001b[39mselect count(distinct(\"e0\".\"id\")) as \"count\" from \"vote\" as \"e0\" where \"e0\".\"post_id\" = '737fd2e8-9d4e-4b1f-be19-155d1e6e30be'\u001b[90m [took 17 ms]\u001b[39m","service":"user-service"}
{"level":"info","message":"\u001b[90m[query] \u001b[39mselect \"e0\".* from \"category\" as \"e0\" order by \"e0\".\"created_at\" desc\u001b[90m [took 4 ms]\u001b[39m","service":"user-service"}
{"level":"info","message":"\u001b[90m[query] \u001b[39mselect count(distinct(\"e0\".\"id\")) as \"count\" from \"category\" as \"e0\"\u001b[90m [took 11 ms]\u001b[39m","service":"user-service"}
{"level":"info","message":"User disconnected","service":"user-service"}
{"level":"info","message":"User connected","service":"user-service"}
{"level":"info","message":"\u001b[90m[query] \u001b[39mselect \"e0\".* from \"category\" as \"e0\" order by \"e0\".\"created_at\" desc\u001b[90m [took 1 ms]\u001b[39m","service":"user-service"}
{"level":"info","message":"\u001b[90m[query] \u001b[39mselect count(distinct(\"e0\".\"id\")) as \"count\" from \"category\" as \"e0\"\u001b[90m [took 23 ms]\u001b[39m","service":"user-service"}
{"level":"info","message":"\u001b[90m[query] \u001b[39mselect \"e0\".* from \"user\" as \"e0\" where \"e0\".\"id\" = 'fe018d6d-aba5-4abf-9c0a-abfcefc4c061' limit 1\u001b[90m [took 7 ms]\u001b[39m","service":"user-service"}
{"level":"info","message":"\u001b[90m[discovery] \u001b[39mORM entity discovery started, using \u001b[36mReflectMetadataProvider\u001b[39m","service":"user-service"}
{"level":"info","message":"\u001b[90m[discovery] \u001b[39m- processing \u001b[36m9\u001b[39m files","service":"user-service"}
{"level":"info","message":"\u001b[90m[discovery] \u001b[39m- ignoring file index.js","service":"user-service"}
{"level":"info","message":"\u001b[90m[discovery] \u001b[39m- processing entity \u001b[36mBase\u001b[39m\u001b[90m (/home/cburns/dev/proj/reddit-clone-type-graphql/backend/dist/entities/Base.js)\u001b[39m","service":"user-service"}
{"level":"info","message":"\u001b[90m[discovery] \u001b[39m- processing entity \u001b[36mCategory\u001b[39m\u001b[90m (/home/cburns/dev/proj/reddit-clone-type-graphql/backend/dist/entities/Category.js)\u001b[39m","service":"user-service"}
{"level":"info","message":"\u001b[90m[discovery] \u001b[39m- processing entity \u001b[36mComment\u001b[39m\u001b[90m (/home/cburns/dev/proj/reddit-clone-type-graphql/backend/dist/entities/Comment.js)\u001b[39m","service":"user-service"}
{"level":"info","message":"\u001b[90m[discovery] \u001b[39m- processing entity \u001b[36mImage\u001b[39m\u001b[90m (/home/cburns/dev/proj/reddit-clone-type-graphql/backend/dist/entities/Image.js)\u001b[39m","service":"user-service"}
{"level":"info","message":"\u001b[90m[discovery] \u001b[39m- processing entity \u001b[36mMessage\u001b[39m\u001b[90m (/home/cburns/dev/proj/reddit-clone-type-graphql/backend/dist/entities/Message.js)\u001b[39m","service":"user-service"}
{"level":"info","message":"\u001b[90m[discovery] \u001b[39m- processing entity \u001b[36mPost\u001b[39m\u001b[90m (/home/cburns/dev/proj/reddit-clone-type-graphql/backend/dist/entities/Post.js)\u001b[39m","service":"user-service"}
{"level":"info","message":"\u001b[90m[discovery] \u001b[39m- processing entity \u001b[36mUser\u001b[39m\u001b[90m (/home/cburns/dev/proj/reddit-clone-type-graphql/backend/dist/entities/User.js)\u001b[39m","service":"user-service"}
{"level":"info","message":"\u001b[90m[discovery] \u001b[39m- processing entity \u001b[36mVote\u001b[39m\u001b[90m (/home/cburns/dev/proj/reddit-clone-type-graphql/backend/dist/entities/Vote.js)\u001b[39m","service":"user-service"}
{"level":"info","message":"\u001b[90m[discovery] \u001b[39m- processing entity \u001b[36mBaseEntity\u001b[39m","service":"user-service"}
{"level":"info","message":"\u001b[90m[discovery] \u001b[39m- entity discovery finished, found \u001b[32m10\u001b[39m entities, took \u001b[32m45 ms\u001b[39m","service":"user-service"}
{"level":"info","message":"\u001b[90m[info] \u001b[39mMikroORM successfully connected to database \u001b[32mreddit-clone-db on postgres://postgres:*****@172.22.0.3:5432\u001b[39m","service":"user-service"}
{"level":"info","message":"\u001b[90m[query] \u001b[39mselect table_name, nullif(table_schema, 'public') as schema_name from information_schema.tables where table_schema not like 'pg_%' and table_schema != 'information_schema' and table_name != 'geometry_columns' and table_name != 'spatial_ref_sys' and table_type != 'VIEW' order by table_name\u001b[90m [took 3 ms]\u001b[39m","service":"user-service"}
{"level":"info","message":"\u001b[90m[query] \u001b[39mselect * from \"mikro_orm_migrations\" order by \"id\" asc\u001b[90m [took 2 ms]\u001b[39m","service":"user-service"}
{"level":"info","message":"User connected","service":"user-service"}
{"level":"info","message":"\u001b[90m[query] \u001b[39mselect \"e0\".\"id\", \"e0\".\"created_at\", \"e0\".\"updated_at\", \"e0\".\"title\", \"e0\".\"text\", \"e0\".\"link\", \"e0\".\"author_id\", \"e0\".\"category_id\" from \"post\" as \"e0\"\u001b[90m [took 11 ms]\u001b[39m","service":"user-service"}
{"level":"info","message":"\u001b[90m[query] \u001b[39mselect count(distinct(\"e0\".\"id\")) as \"count\" from \"post\" as \"e0\"\u001b[90m [took 21 ms]\u001b[39m","service":"user-service"}
{"level":"info","message":"\u001b[90m[query] \u001b[39mselect \"e0\".\"id\", \"e0\".\"created_at\", \"e0\".\"updated_at\", \"e0\".\"title\", \"e0\".\"text\", \"e0\".\"link\", \"e0\".\"author_id\", \"e0\".\"category_id\" from \"post\" as \"e0\" order by \"e0\".\"created_at\" asc limit 2\u001b[90m [took 20 ms]\u001b[39m","service":"user-service"}
{"level":"info","message":"\u001b[90m[query] \u001b[39mselect count(distinct(\"e0\".\"id\")) as \"count\" from \"post\" as \"e0\"\u001b[90m [took 22 ms]\u001b[39m","service":"user-service"}
{"level":"info","message":"\u001b[90m[query] \u001b[39mselect \"e0\".* from \"comment\" as \"e0\" where \"e0\".\"post_id\" = '737fd2e8-9d4e-4b1f-be19-155d1e6e30be'\u001b[90m [took 3 ms]\u001b[39m","service":"user-service"}
{"level":"info","message":"\u001b[90m[query] \u001b[39mselect \"e0\".\"id\", \"e0\".\"created_at\", \"e0\".\"updated_at\", \"e0\".\"title\", \"e0\".\"text\", \"e0\".\"link\", \"e0\".\"author_id\", \"e0\".\"category_id\" from \"post\" as \"e0\" left join \"category\" as \"e1\" on \"e0\".\"category_id\" = \"e1\".\"id\" where \"e1\".\"name\" is null\u001b[90m [took 27 ms]\u001b[39m","service":"user-service"}
{"level":"info","message":"\u001b[90m[query] \u001b[39mselect count(distinct(\"e0\".\"id\")) as \"count\" from \"post\" as \"e0\" left join \"category\" as \"e1\" on \"e0\".\"category_id\" = \"e1\".\"id\" where \"e1\".\"name\" is null\u001b[90m [took 28 ms]\u001b[39m","service":"user-service"}
{"level":"info","message":"\u001b[90m[query] \u001b[39mselect \"e0\".* from \"category\" as \"e0\" where \"e0\".\"id\" = 'b9ae4900-20f1-44c2-a7db-4845f5e58987' limit 1\u001b[90m [took 5 ms]\u001b[39m","service":"user-service"}
{"level":"info","message":"\u001b[90m[query] \u001b[39mselect count(distinct(\"e0\".\"id\")) as \"count\" from \"comment\" as \"e0\" where \"e0\".\"post_id\" = '737fd2e8-9d4e-4b1f-be19-155d1e6e30be'\u001b[90m [took 6 ms]\u001b[39m","service":"user-service"}
{"level":"info","message":"\u001b[90m[query] \u001b[39mselect \"e0\".* from \"vote\" as \"e0\" where \"e0\".\"post_id\" = '737fd2e8-9d4e-4b1f-be19-155d1e6e30be'\u001b[90m [took 8 ms]\u001b[39m","service":"user-service"}
{"level":"info","message":"\u001b[90m[query] \u001b[39mselect count(distinct(\"e0\".\"id\")) as \"count\" from \"vote\" as \"e0\" where \"e0\".\"post_id\" = '737fd2e8-9d4e-4b1f-be19-155d1e6e30be'\u001b[90m [took 9 ms]\u001b[39m","service":"user-service"}
{"level":"info","message":"\u001b[90m[query] \u001b[39mselect \"e0\".* from \"comment\" as \"e0\" where \"e0\".\"post_id\" = '737fd2e8-9d4e-4b1f-be19-155d1e6e30be'\u001b[90m [took 9 ms]\u001b[39m","service":"user-service"}
{"level":"info","message":"\u001b[90m[query] \u001b[39mselect \"e0\".* from \"user\" as \"e0\" where \"e0\".\"id\" = 'fe018d6d-aba5-4abf-9c0a-abfcefc4c061' limit 1\u001b[90m [took 11 ms]\u001b[39m","service":"user-service"}
{"level":"info","message":"\u001b[90m[query] \u001b[39mselect \"e0\".* from \"category\" as \"e0\" order by \"e0\".\"created_at\" desc\u001b[90m [took 17 ms]\u001b[39m","service":"user-service"}
{"level":"info","message":"User disconnected","service":"user-service"}
{"level":"info","message":"\u001b[90m[query] \u001b[39mselect count(distinct(\"e0\".\"id\")) as \"count\" from \"category\" as \"e0\"\u001b[90m [took 19 ms]\u001b[39m","service":"user-service"}
{"level":"info","message":"User connected","service":"user-service"}
{"level":"info","message":"\u001b[90m[query] \u001b[39mselect count(distinct(\"e0\".\"id\")) as \"count\" from \"category\" as \"e0\"\u001b[90m [took 2 ms]\u001b[39m","service":"user-service"}
{"level":"info","message":"\u001b[90m[query] \u001b[39mselect \"e0\".* from \"category\" as \"e0\" order by \"e0\".\"created_at\" desc\u001b[90m [took 3 ms]\u001b[39m","service":"user-service"}
{"level":"info","message":"\u001b[90m[query] \u001b[39mselect \"e0\".* from \"user\" as \"e0\" where \"e0\".\"id\" = 'fe018d6d-aba5-4abf-9c0a-abfcefc4c061' limit 1\u001b[90m [took 5 ms]\u001b[39m","service":"user-service"}
{"level":"info","message":"\u001b[90m[query] \u001b[39mselect count(distinct(\"e0\".\"id\")) as \"count\" from \"post\" as \"e0\"\u001b[90m [took 3 ms]\u001b[39m","service":"user-service"}
{"level":"info","message":"\u001b[90m[query] \u001b[39mselect \"e0\".\"id\", \"e0\".\"created_at\", \"e0\".\"updated_at\", \"e0\".\"title\", \"e0\".\"text\", \"e0\".\"link\", \"e0\".\"author_id\", \"e0\".\"category_id\" from \"post\" as \"e0\"\u001b[90m [took 3 ms]\u001b[39m","service":"user-service"}
{"level":"info","message":"\u001b[90m[query] \u001b[39mselect \"e0\".\"id\", \"e0\".\"created_at\", \"e0\".\"updated_at\", \"e0\".\"title\", \"e0\".\"text\", \"e0\".\"link\", \"e0\".\"author_id\", \"e0\".\"category_id\" from \"post\" as \"e0\" order by \"e0\".\"created_at\" asc limit 2\u001b[90m [took 3 ms]\u001b[39m","service":"user-service"}
{"level":"info","message":"\u001b[90m[query] \u001b[39mselect count(distinct(\"e0\".\"id\")) as \"count\" from \"post\" as \"e0\"\u001b[90m [took 4 ms]\u001b[39m","service":"user-service"}
{"level":"info","message":"\u001b[90m[query] \u001b[39mselect \"e0\".* from \"comment\" as \"e0\" where \"e0\".\"post_id\" = '737fd2e8-9d4e-4b1f-be19-155d1e6e30be'\u001b[90m [took 1 ms]\u001b[39m","service":"user-service"}
{"level":"info","message":"\u001b[90m[query] \u001b[39mselect \"e0\".* from \"user\" as \"e0\" where \"e0\".\"id\" = 'fe018d6d-aba5-4abf-9c0a-abfcefc4c061' limit 1\u001b[90m [took 1 ms]\u001b[39m","service":"user-service"}
{"level":"info","message":"\u001b[90m[query] \u001b[39mselect \"e0\".* from \"category\" as \"e0\" where \"e0\".\"id\" = 'b9ae4900-20f1-44c2-a7db-4845f5e58987' limit 1\u001b[90m [took 2 ms]\u001b[39m","service":"user-service"}
{"level":"info","message":"\u001b[90m[query] \u001b[39mselect \"e0\".* from \"comment\" as \"e0\" where \"e0\".\"post_id\" = '737fd2e8-9d4e-4b1f-be19-155d1e6e30be'\u001b[90m [took 3 ms]\u001b[39m","service":"user-service"}
{"level":"info","message":"\u001b[90m[query] \u001b[39mselect count(distinct(\"e0\".\"id\")) as \"count\" from \"post\" as \"e0\" left join \"category\" as \"e1\" on \"e0\".\"category_id\" = \"e1\".\"id\" where \"e1\".\"name\" is null\u001b[90m [took 9 ms]\u001b[39m","service":"user-service"}
{"level":"info","message":"\u001b[90m[query] \u001b[39mselect \"e0\".\"id\", \"e0\".\"created_at\", \"e0\".\"updated_at\", \"e0\".\"title\", \"e0\".\"text\", \"e0\".\"link\", \"e0\".\"author_id\", \"e0\".\"category_id\" from \"post\" as \"e0\" left join \"category\" as \"e1\" on \"e0\".\"category_id\" = \"e1\".\"id\" where \"e1\".\"name\" is null\u001b[90m [took 10 ms]\u001b[39m","service":"user-service"}
{"level":"info","message":"\u001b[90m[query] \u001b[39mselect \"e0\".* from \"vote\" as \"e0\" where \"e0\".\"post_id\" = '737fd2e8-9d4e-4b1f-be19-155d1e6e30be'\u001b[90m [took 4 ms]\u001b[39m","service":"user-service"}
{"level":"info","message":"\u001b[90m[query] \u001b[39mselect count(distinct(\"e0\".\"id\")) as \"count\" from \"comment\" as \"e0\" where \"e0\".\"post_id\" = '737fd2e8-9d4e-4b1f-be19-155d1e6e30be'\u001b[90m [took 5 ms]\u001b[39m","service":"user-service"}
{"level":"info","message":"\u001b[90m[query] \u001b[39mselect count(distinct(\"e0\".\"id\")) as \"count\" from \"vote\" as \"e0\" where \"e0\".\"post_id\" = '737fd2e8-9d4e-4b1f-be19-155d1e6e30be'\u001b[90m [took 5 ms]\u001b[39m","service":"user-service"}
{"level":"info","message":"\u001b[90m[query] \u001b[39mselect count(distinct(\"e0\".\"id\")) as \"count\" from \"category\" as \"e0\"\u001b[90m [took 4 ms]\u001b[39m","service":"user-service"}
{"level":"info","message":"\u001b[90m[query] \u001b[39mselect \"e0\".* from \"category\" as \"e0\" order by \"e0\".\"created_at\" desc\u001b[90m [took 4 ms]\u001b[39m","service":"user-service"}
{"level":"info","message":"User disconnected","service":"user-service"}
{"level":"info","message":"User connected","service":"user-service"}
{"level":"info","message":"\u001b[90m[query] \u001b[39mselect count(distinct(\"e0\".\"id\")) as \"count\" from \"category\" as \"e0\"\u001b[90m [took 1 ms]\u001b[39m","service":"user-service"}
{"level":"info","message":"\u001b[90m[query] \u001b[39mselect \"e0\".* from \"category\" as \"e0\" order by \"e0\".\"created_at\" desc\u001b[90m [took 1 ms]\u001b[39m","service":"user-service"}
{"level":"info","message":"\u001b[90m[query] \u001b[39mselect \"e0\".* from \"user\" as \"e0\" where \"e0\".\"id\" = 'fe018d6d-aba5-4abf-9c0a-abfcefc4c061' limit 1\u001b[90m [took 1 ms]\u001b[39m","service":"user-service"}
{"level":"info","message":"\u001b[90m[discovery] \u001b[39mORM entity discovery started, using \u001b[36mReflectMetadataProvider\u001b[39m","service":"user-service"}
{"level":"info","message":"\u001b[90m[discovery] \u001b[39m- processing \u001b[36m9\u001b[39m files","service":"user-service"}
{"level":"info","message":"\u001b[90m[discovery] \u001b[39m- ignoring file index.js","service":"user-service"}
{"level":"info","message":"\u001b[90m[discovery] \u001b[39m- processing entity \u001b[36mBase\u001b[39m\u001b[90m (/home/cburns/dev/proj/reddit-clone-type-graphql/backend/dist/entities/Base.js)\u001b[39m","service":"user-service"}
{"level":"info","message":"\u001b[90m[discovery] \u001b[39m- processing entity \u001b[36mCategory\u001b[39m\u001b[90m (/home/cburns/dev/proj/reddit-clone-type-graphql/backend/dist/entities/Category.js)\u001b[39m","service":"user-service"}
{"level":"info","message":"\u001b[90m[discovery] \u001b[39m- processing entity \u001b[36mComment\u001b[39m\u001b[90m (/home/cburns/dev/proj/reddit-clone-type-graphql/backend/dist/entities/Comment.js)\u001b[39m","service":"user-service"}
{"level":"info","message":"\u001b[90m[discovery] \u001b[39m- processing entity \u001b[36mImage\u001b[39m\u001b[90m (/home/cburns/dev/proj/reddit-clone-type-graphql/backend/dist/entities/Image.js)\u001b[39m","service":"user-service"}
{"level":"info","message":"\u001b[90m[discovery] \u001b[39m- processing entity \u001b[36mMessage\u001b[39m\u001b[90m (/home/cburns/dev/proj/reddit-clone-type-graphql/backend/dist/entities/Message.js)\u001b[39m","service":"user-service"}
{"level":"info","message":"\u001b[90m[discovery] \u001b[39m- processing entity \u001b[36mPost\u001b[39m\u001b[90m (/home/cburns/dev/proj/reddit-clone-type-graphql/backend/dist/entities/Post.js)\u001b[39m","service":"user-service"}
{"level":"info","message":"\u001b[90m[discovery] \u001b[39m- processing entity \u001b[36mUser\u001b[39m\u001b[90m (/home/cburns/dev/proj/reddit-clone-type-graphql/backend/dist/entities/User.js)\u001b[39m","service":"user-service"}
{"level":"info","message":"\u001b[90m[discovery] \u001b[39m- processing entity \u001b[36mVote\u001b[39m\u001b[90m (/home/cburns/dev/proj/reddit-clone-type-graphql/backend/dist/entities/Vote.js)\u001b[39m","service":"user-service"}
{"level":"info","message":"\u001b[90m[discovery] \u001b[39m- processing entity \u001b[36mBaseEntity\u001b[39m","service":"user-service"}
{"level":"info","message":"\u001b[90m[discovery] \u001b[39m- entity discovery finished, found \u001b[32m10\u001b[39m entities, took \u001b[32m43 ms\u001b[39m","service":"user-service"}
{"level":"info","message":"\u001b[90m[info] \u001b[39mMikroORM successfully connected to database \u001b[32mreddit-clone-db on postgres://postgres:*****@172.22.0.3:5432\u001b[39m","service":"user-service"}
{"level":"info","message":"\u001b[90m[query] \u001b[39mselect table_name, nullif(table_schema, 'public') as schema_name from information_schema.tables where table_schema not like 'pg_%' and table_schema != 'information_schema' and table_name != 'geometry_columns' and table_name != 'spatial_ref_sys' and table_type != 'VIEW' order by table_name\u001b[90m [took 3 ms]\u001b[39m","service":"user-service"}
{"level":"info","message":"\u001b[90m[query] \u001b[39mselect * from \"mikro_orm_migrations\" order by \"id\" asc\u001b[90m [took 1 ms]\u001b[39m","service":"user-service"}
{"level":"info","message":"User connected","service":"user-service"}
{"level":"info","message":"User disconnected","service":"user-service"}
{"level":"error","message":"EIO: i/o error, write","service":"user-service"}
{"level":"info","message":"\u001b[90m[discovery] \u001b[39mORM entity discovery started, using \u001b[36mReflectMetadataProvider\u001b[39m","service":"user-service"}
{"level":"info","message":"\u001b[90m[discovery] \u001b[39mORM entity discovery started, using \u001b[36mReflectMetadataProvider\u001b[39m","service":"user-service"}
{"level":"info","message":"\u001b[90m[discovery] \u001b[39m- processing \u001b[36m48\u001b[39m files","service":"user-service"}
{"level":"error","message":"Entity 'Constants' not found in ./dist/entities/common/constants.js","service":"user-service"}
{"level":"info","message":"\u001b[90m[discovery] \u001b[39m- ignoring file index.js","service":"user-service"}
{"level":"info","message":"\u001b[90m[discovery] \u001b[39m- ignoring file index.js","service":"user-service"}
{"level":"info","message":"\u001b[90m[discovery] \u001b[39m- ignoring file index.js","service":"user-service"}
{"level":"info","message":"\u001b[90m[discovery] \u001b[39m- ignoring file index.js","service":"user-service"}
{"level":"info","message":"\u001b[90m[discovery] \u001b[39m- ignoring file index.js","service":"user-service"}
{"level":"info","message":"\u001b[90m[discovery] \u001b[39m- ignoring file index.js","service":"user-service"}
{"level":"info","message":"\u001b[90m[discovery] \u001b[39m- ignoring file index.js","service":"user-service"}
{"level":"info","message":"\u001b[90m[discovery] \u001b[39m- ignoring file index.js","service":"user-service"}
{"level":"error","message":"EIO: i/o error, write","service":"user-service"}
{"level":"info","message":"\u001b[90m[discovery] \u001b[39mORM entity discovery started, using \u001b[36mReflectMetadataProvider\u001b[39m","service":"user-service"}
{"level":"info","message":"\u001b[90m[discovery] \u001b[39mORM entity discovery started, using \u001b[36mReflectMetadataProvider\u001b[39m","service":"user-service"}
{"level":"info","message":"\u001b[90m[discovery] \u001b[39m- processing \u001b[36m48\u001b[39m files","service":"user-service"}
{"level":"error","message":"Entity 'Constants' not found in ./dist/entities/common/constants.js","service":"user-service"}
{"level":"info","message":"\u001b[90m[discovery] \u001b[39m- ignoring file index.js","service":"user-service"}
{"level":"info","message":"\u001b[90m[discovery] \u001b[39m- ignoring file index.js","service":"user-service"}
{"level":"info","message":"\u001b[90m[discovery] \u001b[39m- ignoring file index.js","service":"user-service"}
{"level":"info","message":"\u001b[90m[discovery] \u001b[39m- ignoring file index.js","service":"user-service"}
{"level":"info","message":"\u001b[90m[discovery] \u001b[39m- ignoring file index.js","service":"user-service"}
{"level":"info","message":"\u001b[90m[discovery] \u001b[39m- ignoring file index.js","service":"user-service"}
{"level":"info","message":"\u001b[90m[discovery] \u001b[39m- ignoring file index.js","service":"user-service"}
{"level":"info","message":"\u001b[90m[discovery] \u001b[39m- ignoring file index.js","service":"user-service"}
{"level":"error","message":"EIO: i/o error, write","service":"user-service"}
{"level":"info","message":"\u001b[90m[discovery] \u001b[39mORM entity discovery started, using \u001b[36mReflectMetadataProvider\u001b[39m","service":"user-service"}
{"level":"info","message":"\u001b[90m[discovery] \u001b[39mORM entity discovery started, using \u001b[36mReflectMetadataProvider\u001b[39m","service":"user-service"}
{"level":"info","message":"\u001b[90m[discovery] \u001b[39m- processing \u001b[36m48\u001b[39m files","service":"user-service"}
{"level":"error","message":"Entity 'Constants' not found in ./dist/entities/common/constants.js","service":"user-service"}
{"level":"info","message":"\u001b[90m[discovery] \u001b[39m- ignoring file index.js","service":"user-service"}
{"level":"info","message":"\u001b[90m[discovery] \u001b[39m- ignoring file index.js","service":"user-service"}
{"level":"info","message":"\u001b[90m[discovery] \u001b[39m- ignoring file index.js","service":"user-service"}
{"level":"info","message":"\u001b[90m[discovery] \u001b[39m- ignoring file index.js","service":"user-service"}
{"level":"info","message":"\u001b[90m[discovery] \u001b[39m- ignoring file index.js","service":"user-service"}
{"level":"info","message":"\u001b[90m[discovery] \u001b[39m- ignoring file index.js","service":"user-service"}
{"level":"info","message":"\u001b[90m[discovery] \u001b[39m- ignoring file index.js","service":"user-service"}
{"level":"info","message":"\u001b[90m[discovery] \u001b[39m- ignoring file index.js","service":"user-service"}
{"level":"error","message":"EIO: i/o error, write","service":"user-service"}
{"level":"info","message":"\u001b[90m[discovery] \u001b[39mORM entity discovery started, using \u001b[36mReflectMetadataProvider\u001b[39m","service":"user-service"}
{"level":"info","message":"\u001b[90m[discovery] \u001b[39mORM entity discovery started, using \u001b[36mReflectMetadataProvider\u001b[39m","service":"user-service"}
{"level":"info","message":"\u001b[90m[discovery] \u001b[39m- processing \u001b[36m48\u001b[39m files","service":"user-service"}
{"level":"error","message":"Entity 'Constants' not found in ./dist/entities/common/constants.js","service":"user-service"}
{"level":"info","message":"\u001b[90m[discovery] \u001b[39m- ignoring file index.js","service":"user-service"}
{"level":"info","message":"\u001b[90m[discovery] \u001b[39m- ignoring file index.js","service":"user-service"}
{"level":"info","message":"\u001b[90m[discovery] \u001b[39m- ignoring file index.js","service":"user-service"}
{"level":"info","message":"\u001b[90m[discovery] \u001b[39m- ignoring file index.js","service":"user-service"}
{"level":"info","message":"\u001b[90m[discovery] \u001b[39m- ignoring file index.js","service":"user-service"}
{"level":"info","message":"\u001b[90m[discovery] \u001b[39m- ignoring file index.js","service":"user-service"}
{"level":"info","message":"\u001b[90m[discovery] \u001b[39m- ignoring file index.js","service":"user-service"}
{"level":"info","message":"\u001b[90m[discovery] \u001b[39m- ignoring file index.js","service":"user-service"}
{"level":"error","message":"EIO: i/o error, write","service":"user-service"}
{"level":"info","message":"\u001b[90m[discovery] \u001b[39mORM entity discovery started, using \u001b[36mReflectMetadataProvider\u001b[39m","service":"user-service"}
{"level":"info","message":"\u001b[90m[discovery] \u001b[39mORM entity discovery started, using \u001b[36mReflectMetadataProvider\u001b[39m","service":"user-service"}
{"level":"info","message":"\u001b[90m[discovery] \u001b[39m- processing \u001b[36m48\u001b[39m files","service":"user-service"}
{"level":"error","message":"Entity 'Constants' not found in ./dist/entities/common/constants.js","service":"user-service"}
{"level":"info","message":"\u001b[90m[discovery] \u001b[39m- ignoring file index.js","service":"user-service"}
{"level":"info","message":"\u001b[90m[discovery] \u001b[39m- ignoring file index.js","service":"user-service"}
{"level":"info","message":"\u001b[90m[discovery] \u001b[39m- ignoring file index.js","service":"user-service"}
{"level":"info","message":"\u001b[90m[discovery] \u001b[39m- ignoring file index.js","service":"user-service"}
{"level":"info","message":"\u001b[90m[discovery] \u001b[39m- ignoring file index.js","service":"user-service"}
{"level":"info","message":"\u001b[90m[discovery] \u001b[39m- ignoring file index.js","service":"user-service"}
{"level":"info","message":"\u001b[90m[discovery] \u001b[39m- ignoring file index.js","service":"user-service"}
{"level":"info","message":"\u001b[90m[discovery] \u001b[39m- ignoring file index.js","service":"user-service"}
{"level":"info","message":"\u001b[90m[discovery] \u001b[39mORM entity discovery started, using \u001b[36mReflectMetadataProvider\u001b[39m","service":"user-service"}
{"level":"info","message":"\u001b[90m[discovery] \u001b[39m- processing \u001b[36m48\u001b[39m files","service":"user-service"}
{"level":"error","message":"Entity 'Constants' not found in ./dist/entities/common/constants.js","service":"user-service"}
{"level":"info","message":"\u001b[90m[discovery] \u001b[39m- ignoring file index.js","service":"user-service"}
{"level":"info","message":"\u001b[90m[discovery] \u001b[39m- ignoring file index.js","service":"user-service"}
{"level":"info","message":"\u001b[90m[discovery] \u001b[39m- ignoring file index.js","service":"user-service"}
{"level":"info","message":"\u001b[90m[discovery] \u001b[39m- ignoring file index.js","service":"user-service"}
{"level":"info","message":"\u001b[90m[discovery] \u001b[39m- ignoring file index.js","service":"user-service"}
{"level":"info","message":"\u001b[90m[discovery] \u001b[39m- ignoring file index.js","service":"user-service"}
{"level":"info","message":"\u001b[90m[discovery] \u001b[39m- ignoring file index.js","service":"user-service"}
{"level":"info","message":"\u001b[90m[discovery] \u001b[39m- ignoring file index.js","service":"user-service"}
{"level":"error","message":"EIO: i/o error, write","service":"user-service"}
{"level":"info","message":"\u001b[90m[discovery] \u001b[39mORM entity discovery started, using \u001b[36mReflectMetadataProvider\u001b[39m","service":"user-service"}
{"level":"info","message":"\u001b[90m[discovery] \u001b[39mORM entity discovery started, using \u001b[36mReflectMetadataProvider\u001b[39m","service":"user-service"}
{"level":"info","message":"\u001b[90m[discovery] \u001b[39m- processing \u001b[36m48\u001b[39m files","service":"user-service"}
{"level":"error","message":"EIO: i/o error, write","service":"user-service"}
{"level":"info","message":"\u001b[90m[discovery] \u001b[39mORM entity discovery started, using \u001b[36mReflectMetadataProvider\u001b[39m","service":"user-service"}
{"level":"error","message":"Entity 'Constants' not found in ./dist/entities/common/constants.js","service":"user-service"}
{"level":"info","message":"\u001b[90m[discovery] \u001b[39m- ignoring file index.js","service":"user-service"}
{"level":"info","message":"\u001b[90m[discovery] \u001b[39m- ignoring file index.js","service":"user-service"}
{"level":"info","message":"\u001b[90m[discovery] \u001b[39m- ignoring file index.js","service":"user-service"}
{"level":"info","message":"\u001b[90m[discovery] \u001b[39m- ignoring file index.js","service":"user-service"}
{"level":"info","message":"\u001b[90m[discovery] \u001b[39m- ignoring file index.js","service":"user-service"}
{"level":"info","message":"\u001b[90m[discovery] \u001b[39m- ignoring file index.js","service":"user-service"}
{"level":"info","message":"\u001b[90m[discovery] \u001b[39m- ignoring file index.js","service":"user-service"}
{"level":"info","message":"\u001b[90m[discovery] \u001b[39m- ignoring file index.js","service":"user-service"}
{"level":"info","message":"\u001b[90m[discovery] \u001b[39mORM entity discovery started, using \u001b[36mReflectMetadataProvider\u001b[39m","service":"user-service"}
{"level":"info","message":"\u001b[90m[discovery] \u001b[39m- processing \u001b[36m48\u001b[39m files","service":"user-service"}
{"level":"error","message":"Entity 'Constants' not found in ./dist/entities/common/constants.js","service":"user-service"}
{"level":"info","message":"\u001b[90m[discovery] \u001b[39m- ignoring file index.js","service":"user-service"}
{"level":"info","message":"\u001b[90m[discovery] \u001b[39m- ignoring file index.js","service":"user-service"}
{"level":"info","message":"\u001b[90m[discovery] \u001b[39m- ignoring file index.js","service":"user-service"}
{"level":"info","message":"\u001b[90m[discovery] \u001b[39m- ignoring file index.js","service":"user-service"}
{"level":"info","message":"\u001b[90m[discovery] \u001b[39m- ignoring file index.js","service":"user-service"}
{"level":"info","message":"\u001b[90m[discovery] \u001b[39m- ignoring file index.js","service":"user-service"}
{"level":"info","message":"\u001b[90m[discovery] \u001b[39m- ignoring file index.js","service":"user-service"}
{"level":"info","message":"\u001b[90m[discovery] \u001b[39m- ignoring file index.js","service":"user-service"}
{"level":"error","message":"EIO: i/o error, write","service":"user-service"}
{"level":"info","message":"\u001b[90m[discovery] \u001b[39mORM entity discovery started, using \u001b[36mReflectMetadataProvider\u001b[39m","service":"user-service"}
{"level":"error","message":"EIO: i/o error, write","service":"user-service"}
{"level":"info","message":"\u001b[90m[discovery] \u001b[39mORM entity discovery started, using \u001b[36mReflectMetadataProvider\u001b[39m","service":"user-service"}
{"level":"info","message":"\u001b[90m[discovery] \u001b[39mORM entity discovery started, using \u001b[36mReflectMetadataProvider\u001b[39m","service":"user-service"}
{"level":"info","message":"\u001b[90m[discovery] \u001b[39m- processing \u001b[36m48\u001b[39m files","service":"user-service"}
{"level":"error","message":"Entity 'Constants' not found in ./dist/entities/common/constants.js","service":"user-service"}
{"level":"info","message":"\u001b[90m[discovery] \u001b[39m- ignoring file index.js","service":"user-service"}
{"level":"info","message":"\u001b[90m[discovery] \u001b[39m- ignoring file index.js","service":"user-service"}
{"level":"info","message":"\u001b[90m[discovery] \u001b[39m- ignoring file index.js","service":"user-service"}
{"level":"info","message":"\u001b[90m[discovery] \u001b[39m- ignoring file index.js","service":"user-service"}
{"level":"info","message":"\u001b[90m[discovery] \u001b[39m- ignoring file index.js","service":"user-service"}
{"level":"info","message":"\u001b[90m[discovery] \u001b[39m- ignoring file index.js","service":"user-service"}
{"level":"info","message":"\u001b[90m[discovery] \u001b[39m- ignoring file index.js","service":"user-service"}
{"level":"info","message":"\u001b[90m[discovery] \u001b[39m- ignoring file index.js","service":"user-service"}
{"level":"info","message":"\u001b[90m[discovery] \u001b[39mORM entity discovery started, using \u001b[36mReflectMetadataProvider\u001b[39m","service":"user-service"}
{"level":"info","message":"\u001b[90m[discovery] \u001b[39m- processing \u001b[36m48\u001b[39m files","service":"user-service"}
{"level":"error","message":"Entity 'Constants' not found in ./dist/entities/common/constants.js","service":"user-service"}
{"level":"info","message":"\u001b[90m[discovery] \u001b[39m- ignoring file index.js","service":"user-service"}
{"level":"info","message":"\u001b[90m[discovery] \u001b[39m- ignoring file index.js","service":"user-service"}
{"level":"info","message":"\u001b[90m[discovery] \u001b[39m- ignoring file index.js","service":"user-service"}
{"level":"info","message":"\u001b[90m[discovery] \u001b[39m- ignoring file index.js","service":"user-service"}
{"level":"info","message":"\u001b[90m[discovery] \u001b[39m- ignoring file index.js","service":"user-service"}
{"level":"info","message":"\u001b[90m[discovery] \u001b[39m- ignoring file index.js","service":"user-service"}
{"level":"info","message":"\u001b[90m[discovery] \u001b[39m- ignoring file index.js","service":"user-service"}
{"level":"info","message":"\u001b[90m[discovery] \u001b[39m- ignoring file index.js","service":"user-service"}
{"level":"error","message":"EIO: i/o error, write","service":"user-service"}
{"level":"info","message":"\u001b[90m[discovery] \u001b[39mORM entity discovery started, using \u001b[36mReflectMetadataProvider\u001b[39m","service":"user-service"}
{"level":"info","message":"\u001b[90m[discovery] \u001b[39mORM entity discovery started, using \u001b[36mReflectMetadataProvider\u001b[39m","service":"user-service"}
{"level":"info","message":"\u001b[90m[discovery] \u001b[39m- processing \u001b[36m48\u001b[39m files","service":"user-service"}
{"level":"error","message":"EIO: i/o error, write","service":"user-service"}
{"level":"info","message":"\u001b[90m[discovery] \u001b[39mORM entity discovery started, using \u001b[36mReflectMetadataProvider\u001b[39m","service":"user-service"}
{"level":"error","message":"Entity 'Constants' not found in ./dist/entities/common/constants.js","service":"user-service"}
{"level":"info","message":"\u001b[90m[discovery] \u001b[39m- ignoring file index.js","service":"user-service"}
{"level":"info","message":"\u001b[90m[discovery] \u001b[39m- ignoring file index.js","service":"user-service"}
{"level":"info","message":"\u001b[90m[discovery] \u001b[39m- ignoring file index.js","service":"user-service"}
{"level":"info","message":"\u001b[90m[discovery] \u001b[39m- ignoring file index.js","service":"user-service"}
{"level":"info","message":"\u001b[90m[discovery] \u001b[39m- ignoring file index.js","service":"user-service"}
{"level":"info","message":"\u001b[90m[discovery] \u001b[39m- ignoring file index.js","service":"user-service"}
{"level":"info","message":"\u001b[90m[discovery] \u001b[39m- ignoring file index.js","service":"user-service"}
{"level":"info","message":"\u001b[90m[discovery] \u001b[39m- ignoring file index.js","service":"user-service"}
{"level":"error","message":"EIO: i/o error, write","service":"user-service"}
{"level":"info","message":"\u001b[90m[discovery] \u001b[39mORM entity discovery started, using \u001b[36mReflectMetadataProvider\u001b[39m","service":"user-service"}
{"level":"info","message":"\u001b[90m[discovery] \u001b[39mORM entity discovery started, using \u001b[36mReflectMetadataProvider\u001b[39m","service":"user-service"}
{"level":"info","message":"\u001b[90m[discovery] \u001b[39m- processing \u001b[36m48\u001b[39m files","service":"user-service"}
{"level":"error","message":"Entity 'Constants' not found in ./dist/entities/common/constants.js","service":"user-service"}
{"level":"info","message":"\u001b[90m[discovery] \u001b[39m- ignoring file index.js","service":"user-service"}
{"level":"info","message":"\u001b[90m[discovery] \u001b[39m- ignoring file index.js","service":"user-service"}
{"level":"info","message":"\u001b[90m[discovery] \u001b[39m- ignoring file index.js","service":"user-service"}
{"level":"info","message":"\u001b[90m[discovery] \u001b[39m- ignoring file index.js","service":"user-service"}
{"level":"info","message":"\u001b[90m[discovery] \u001b[39m- ignoring file index.js","service":"user-service"}
{"level":"info","message":"\u001b[90m[discovery] \u001b[39m- ignoring file index.js","service":"user-service"}
{"level":"info","message":"\u001b[90m[discovery] \u001b[39m- ignoring file index.js","service":"user-service"}
{"level":"info","message":"\u001b[90m[discovery] \u001b[39m- ignoring file index.js","service":"user-service"}
{"level":"error","message":"EIO: i/o error, write","service":"user-service"}
{"level":"info","message":"\u001b[90m[discovery] \u001b[39mORM entity discovery started, using \u001b[36mReflectMetadataProvider\u001b[39m","service":"user-service"}
{"level":"info","message":"\u001b[90m[discovery] \u001b[39mORM entity discovery started, using \u001b[36mReflectMetadataProvider\u001b[39m","service":"user-service"}
{"level":"info","message":"\u001b[90m[discovery] \u001b[39m- processing \u001b[36m48\u001b[39m files","service":"user-service"}
{"level":"error","message":"Entity 'Constants' not found in ./dist/entities/common/constants.js","service":"user-service"}
{"level":"info","message":"\u001b[90m[discovery] \u001b[39m- ignoring file index.js","service":"user-service"}
{"level":"info","message":"\u001b[90m[discovery] \u001b[39m- ignoring file index.js","service":"user-service"}
{"level":"info","message":"\u001b[90m[discovery] \u001b[39m- ignoring file index.js","service":"user-service"}
{"level":"info","message":"\u001b[90m[discovery] \u001b[39m- ignoring file index.js","service":"user-service"}
{"level":"info","message":"\u001b[90m[discovery] \u001b[39m- ignoring file index.js","service":"user-service"}
{"level":"info","message":"\u001b[90m[discovery] \u001b[39m- ignoring file index.js","service":"user-service"}
{"level":"info","message":"\u001b[90m[discovery] \u001b[39m- ignoring file index.js","service":"user-service"}
{"level":"info","message":"\u001b[90m[discovery] \u001b[39m- ignoring file index.js","service":"user-service"}
{"level":"info","message":"\u001b[90m[discovery] \u001b[39mORM entity discovery started, using \u001b[36mReflectMetadataProvider\u001b[39m","service":"user-service"}
{"level":"info","message":"\u001b[90m[discovery] \u001b[39m- processing \u001b[36m48\u001b[39m files","service":"user-service"}
{"level":"error","message":"Entity 'Constants' not found in ./dist/entities/common/constants.js","service":"user-service"}
{"level":"info","message":"\u001b[90m[discovery] \u001b[39m- ignoring file index.js","service":"user-service"}
{"level":"info","message":"\u001b[90m[discovery] \u001b[39m- ignoring file index.js","service":"user-service"}
{"level":"info","message":"\u001b[90m[discovery] \u001b[39m- ignoring file index.js","service":"user-service"}
{"level":"info","message":"\u001b[90m[discovery] \u001b[39m- ignoring file index.js","service":"user-service"}
{"level":"info","message":"\u001b[90m[discovery] \u001b[39m- ignoring file index.js","service":"user-service"}
{"level":"info","message":"\u001b[90m[discovery] \u001b[39m- ignoring file index.js","service":"user-service"}
{"level":"info","message":"\u001b[90m[discovery] \u001b[39m- ignoring file index.js","service":"user-service"}
{"level":"info","message":"\u001b[90m[discovery] \u001b[39m- ignoring file index.js","service":"user-service"}
{"level":"error","message":"EIO: i/o error, write","service":"user-service"}
{"level":"info","message":"\u001b[90m[discovery] \u001b[39mORM entity discovery started, using \u001b[36mReflectMetadataProvider\u001b[39m","service":"user-service"}
{"level":"error","message":"EIO: i/o error, write","service":"user-service"}
{"level":"info","message":"\u001b[90m[discovery] \u001b[39mORM entity discovery started, using \u001b[36mReflectMetadataProvider\u001b[39m","service":"user-service"}
{"level":"info","message":"\u001b[90m[discovery] \u001b[39mORM entity discovery started, using \u001b[36mReflectMetadataProvider\u001b[39m","service":"user-service"}
{"level":"info","message":"\u001b[90m[discovery] \u001b[39m- processing \u001b[36m48\u001b[39m files","service":"user-service"}
{"level":"error","message":"Entity 'Constants' not found in ./dist/entities/common/constants.js","service":"user-service"}
{"level":"info","message":"\u001b[90m[discovery] \u001b[39m- ignoring file index.js","service":"user-service"}
{"level":"info","message":"\u001b[90m[discovery] \u001b[39m- ignoring file index.js","service":"user-service"}
{"level":"info","message":"\u001b[90m[discovery] \u001b[39m- ignoring file index.js","service":"user-service"}
{"level":"info","message":"\u001b[90m[discovery] \u001b[39m- ignoring file index.js","service":"user-service"}
{"level":"info","message":"\u001b[90m[discovery] \u001b[39m- ignoring file index.js","service":"user-service"}
{"level":"info","message":"\u001b[90m[discovery] \u001b[39m- ignoring file index.js","service":"user-service"}
{"level":"info","message":"\u001b[90m[discovery] \u001b[39m- ignoring file index.js","service":"user-service"}
{"level":"info","message":"\u001b[90m[discovery] \u001b[39m- ignoring file index.js","service":"user-service"}
{"level":"error","message":"EIO: i/o error, write","service":"user-service"}
{"level":"info","message":"\u001b[90m[discovery] \u001b[39mORM entity discovery started, using \u001b[36mReflectMetadataProvider\u001b[39m","service":"user-service"}
{"level":"info","message":"\u001b[90m[discovery] \u001b[39mORM entity discovery started, using \u001b[36mReflectMetadataProvider\u001b[39m","service":"user-service"}
{"level":"info","message":"\u001b[90m[discovery] \u001b[39m- processing \u001b[36m48\u001b[39m files","service":"user-service"}
{"level":"error","message":"Entity 'Constants' not found in ./dist/entities/common/constants.js","service":"user-service"}
{"level":"info","message":"\u001b[90m[discovery] \u001b[39m- ignoring file index.js","service":"user-service"}
{"level":"info","message":"\u001b[90m[discovery] \u001b[39m- ignoring file index.js","service":"user-service"}
{"level":"info","message":"\u001b[90m[discovery] \u001b[39m- ignoring file index.js","service":"user-service"}
{"level":"info","message":"\u001b[90m[discovery] \u001b[39m- ignoring file index.js","service":"user-service"}
{"level":"info","message":"\u001b[90m[discovery] \u001b[39m- ignoring file index.js","service":"user-service"}
{"level":"info","message":"\u001b[90m[discovery] \u001b[39m- ignoring file index.js","service":"user-service"}
{"level":"info","message":"\u001b[90m[discovery] \u001b[39m- ignoring file index.js","service":"user-service"}
{"level":"info","message":"\u001b[90m[discovery] \u001b[39m- ignoring file index.js","service":"user-service"}
{"level":"error","message":"EIO: i/o error, write","service":"user-service"}
{"level":"info","message":"\u001b[90m[discovery] \u001b[39mORM entity discovery started, using \u001b[36mReflectMetadataProvider\u001b[39m","service":"user-service"}
{"level":"info","message":"\u001b[90m[discovery] \u001b[39mORM entity discovery started, using \u001b[36mReflectMetadataProvider\u001b[39m","service":"user-service"}
{"level":"info","message":"\u001b[90m[discovery] \u001b[39m- processing \u001b[36m44\u001b[39m files","service":"user-service"}
{"level":"error","message":"Entity 'CommentArgs' not found in ./dist/entities/Comment/args/comment-args.js","service":"user-service"}
{"level":"info","message":"\u001b[90m[discovery] \u001b[39m- ignoring file index.js","service":"user-service"}
{"level":"info","message":"\u001b[90m[discovery] \u001b[39m- ignoring file index.js","service":"user-service"}
{"level":"info","message":"\u001b[90m[discovery] \u001b[39m- ignoring file index.js","service":"user-service"}
{"level":"info","message":"\u001b[90m[discovery] \u001b[39m- ignoring file index.js","service":"user-service"}
{"level":"info","message":"\u001b[90m[discovery] \u001b[39m- ignoring file index.js","service":"user-service"}
{"level":"info","message":"\u001b[90m[discovery] \u001b[39m- ignoring file index.js","service":"user-service"}
{"level":"info","message":"\u001b[90m[discovery] \u001b[39m- ignoring file index.js","service":"user-service"}
{"level":"info","message":"\u001b[90m[discovery] \u001b[39m- ignoring file index.js","service":"user-service"}
{"level":"info","message":"\u001b[90m[discovery] \u001b[39mORM entity discovery started, using \u001b[36mReflectMetadataProvider\u001b[39m","service":"user-service"}
{"level":"info","message":"\u001b[90m[discovery] \u001b[39m- processing \u001b[36m44\u001b[39m files","service":"user-service"}
{"level":"error","message":"Entity 'CommentArgs' not found in ./dist/entities/Comment/args/comment-args.js","service":"user-service"}
{"level":"info","message":"\u001b[90m[discovery] \u001b[39m- ignoring file index.js","service":"user-service"}
{"level":"info","message":"\u001b[90m[discovery] \u001b[39m- ignoring file index.js","service":"user-service"}
{"level":"info","message":"\u001b[90m[discovery] \u001b[39m- ignoring file index.js","service":"user-service"}
{"level":"info","message":"\u001b[90m[discovery] \u001b[39m- ignoring file index.js","service":"user-service"}
{"level":"info","message":"\u001b[90m[discovery] \u001b[39m- ignoring file index.js","service":"user-service"}
{"level":"info","message":"\u001b[90m[discovery] \u001b[39m- ignoring file index.js","service":"user-service"}
{"level":"info","message":"\u001b[90m[discovery] \u001b[39m- ignoring file index.js","service":"user-service"}
{"level":"info","message":"\u001b[90m[discovery] \u001b[39m- ignoring file index.js","service":"user-service"}
{"level":"error","message":"EIO: i/o error, write","service":"user-service"}
{"level":"info","message":"\u001b[90m[discovery] \u001b[39mORM entity discovery started, using \u001b[36mReflectMetadataProvider\u001b[39m","service":"user-service"}
{"level":"info","message":"\u001b[90m[discovery] \u001b[39mORM entity discovery started, using \u001b[36mReflectMetadataProvider\u001b[39m","service":"user-service"}
{"level":"info","message":"\u001b[90m[discovery] \u001b[39m- processing \u001b[36m44\u001b[39m files","service":"user-service"}
{"level":"error","message":"EIO: i/o error, write","service":"user-service"}
{"level":"info","message":"\u001b[90m[discovery] \u001b[39mORM entity discovery started, using \u001b[36mReflectMetadataProvider\u001b[39m","service":"user-service"}
{"level":"error","message":"Entity 'CommentArgs' not found in ./dist/entities/Comment/args/comment-args.js","service":"user-service"}
{"level":"info","message":"\u001b[90m[discovery] \u001b[39m- ignoring file index.js","service":"user-service"}
{"level":"info","message":"\u001b[90m[discovery] \u001b[39m- ignoring file index.js","service":"user-service"}
{"level":"info","message":"\u001b[90m[discovery] \u001b[39m- ignoring file index.js","service":"user-service"}
{"level":"info","message":"\u001b[90m[discovery] \u001b[39m- ignoring file index.js","service":"user-service"}
{"level":"info","message":"\u001b[90m[discovery] \u001b[39m- ignoring file index.js","service":"user-service"}
{"level":"info","message":"\u001b[90m[discovery] \u001b[39m- ignoring file index.js","service":"user-service"}
{"level":"info","message":"\u001b[90m[discovery] \u001b[39m- ignoring file index.js","service":"user-service"}
{"level":"info","message":"\u001b[90m[discovery] \u001b[39m- ignoring file index.js","service":"user-service"}
{"level":"error","message":"EIO: i/o error, write","service":"user-service"}
{"level":"info","message":"\u001b[90m[discovery] \u001b[39mORM entity discovery started, using \u001b[36mReflectMetadataProvider\u001b[39m","service":"user-service"}
{"level":"info","message":"\u001b[90m[discovery] \u001b[39mORM entity discovery started, using \u001b[36mReflectMetadataProvider\u001b[39m","service":"user-service"}
{"level":"info","message":"\u001b[90m[discovery] \u001b[39m- processing \u001b[36m44\u001b[39m files","service":"user-service"}
{"level":"error","message":"Entity 'CommentArgs' not found in ./dist/entities/Comment/args/comment-args.js","service":"user-service"}
{"level":"info","message":"\u001b[90m[discovery] \u001b[39m- ignoring file index.js","service":"user-service"}
{"level":"info","message":"\u001b[90m[discovery] \u001b[39m- ignoring file index.js","service":"user-service"}
{"level":"info","message":"\u001b[90m[discovery] \u001b[39m- ignoring file index.js","service":"user-service"}
{"level":"info","message":"\u001b[90m[discovery] \u001b[39m- ignoring file index.js","service":"user-service"}
{"level":"info","message":"\u001b[90m[discovery] \u001b[39m- ignoring file index.js","service":"user-service"}
{"level":"info","message":"\u001b[90m[discovery] \u001b[39m- ignoring file index.js","service":"user-service"}
{"level":"info","message":"\u001b[90m[discovery] \u001b[39m- ignoring file index.js","service":"user-service"}
{"level":"info","message":"\u001b[90m[discovery] \u001b[39m- ignoring file index.js","service":"user-service"}
{"level":"error","message":"EIO: i/o error, write","service":"user-service"}
{"level":"info","message":"\u001b[90m[discovery] \u001b[39mORM entity discovery started, using \u001b[36mReflectMetadataProvider\u001b[39m","service":"user-service"}
{"level":"info","message":"\u001b[90m[discovery] \u001b[39mORM entity discovery started, using \u001b[36mReflectMetadataProvider\u001b[39m","service":"user-service"}
{"level":"info","message":"\u001b[90m[discovery] \u001b[39m- processing \u001b[36m44\u001b[39m files","service":"user-service"}
{"level":"error","message":"Entity 'CommentArgs' not found in ./dist/entities/Comment/args/comment-args.js","service":"user-service"}
{"level":"info","message":"\u001b[90m[discovery] \u001b[39m- ignoring file index.js","service":"user-service"}
{"level":"info","message":"\u001b[90m[discovery] \u001b[39m- ignoring file index.js","service":"user-service"}
{"level":"info","message":"\u001b[90m[discovery] \u001b[39m- ignoring file index.js","service":"user-service"}
{"level":"info","message":"\u001b[90m[discovery] \u001b[39m- ignoring file index.js","service":"user-service"}
{"level":"info","message":"\u001b[90m[discovery] \u001b[39m- ignoring file index.js","service":"user-service"}
{"level":"info","message":"\u001b[90m[discovery] \u001b[39m- ignoring file index.js","service":"user-service"}
{"level":"info","message":"\u001b[90m[discovery] \u001b[39m- ignoring file index.js","service":"user-service"}
{"level":"info","message":"\u001b[90m[discovery] \u001b[39m- ignoring file index.js","service":"user-service"}
{"level":"info","message":"\u001b[90m[discovery] \u001b[39mORM entity discovery started, using \u001b[36mReflectMetadataProvider\u001b[39m","service":"user-service"}
{"level":"info","message":"\u001b[90m[discovery] \u001b[39m- processing \u001b[36m44\u001b[39m files","service":"user-service"}
{"level":"error","message":"EIO: i/o error, write","service":"user-service"}
{"level":"info","message":"\u001b[90m[discovery] \u001b[39mORM entity discovery started, using \u001b[36mReflectMetadataProvider\u001b[39m","service":"user-service"}
{"level":"error","message":"Entity 'CommentArgs' not found in ./dist/entities/Comment/args/comment-args.js","service":"user-service"}
{"level":"info","message":"\u001b[90m[discovery] \u001b[39m- ignoring file index.js","service":"user-service"}
{"level":"info","message":"\u001b[90m[discovery] \u001b[39m- ignoring file index.js","service":"user-service"}
{"level":"info","message":"\u001b[90m[discovery] \u001b[39m- ignoring file index.js","service":"user-service"}
{"level":"info","message":"\u001b[90m[discovery] \u001b[39m- ignoring file index.js","service":"user-service"}
{"level":"info","message":"\u001b[90m[discovery] \u001b[39m- ignoring file index.js","service":"user-service"}
{"level":"info","message":"\u001b[90m[discovery] \u001b[39m- ignoring file index.js","service":"user-service"}
{"level":"info","message":"\u001b[90m[discovery] \u001b[39m- ignoring file index.js","service":"user-service"}
{"level":"info","message":"\u001b[90m[discovery] \u001b[39m- ignoring file index.js","service":"user-service"}
{"level":"error","message":"EIO: i/o error, write","service":"user-service"}
{"level":"info","message":"\u001b[90m[discovery] \u001b[39mORM entity discovery started, using \u001b[36mReflectMetadataProvider\u001b[39m","service":"user-service"}
{"level":"info","message":"\u001b[90m[discovery] \u001b[39mORM entity discovery started, using \u001b[36mReflectMetadataProvider\u001b[39m","service":"user-service"}
{"level":"info","message":"\u001b[90m[discovery] \u001b[39m- processing \u001b[36m44\u001b[39m files","service":"user-service"}
{"level":"error","message":"Entity 'CommentArgs' not found in ./dist/entities/Comment/args/comment-args.js","service":"user-service"}
{"level":"info","message":"\u001b[90m[discovery] \u001b[39m- ignoring file index.js","service":"user-service"}
{"level":"info","message":"\u001b[90m[discovery] \u001b[39m- ignoring file index.js","service":"user-service"}
{"level":"info","message":"\u001b[90m[discovery] \u001b[39m- ignoring file index.js","service":"user-service"}
{"level":"info","message":"\u001b[90m[discovery] \u001b[39m- ignoring file index.js","service":"user-service"}
{"level":"info","message":"\u001b[90m[discovery] \u001b[39m- ignoring file index.js","service":"user-service"}
{"level":"info","message":"\u001b[90m[discovery] \u001b[39m- ignoring file index.js","service":"user-service"}
{"level":"info","message":"\u001b[90m[discovery] \u001b[39m- ignoring file index.js","service":"user-service"}
{"level":"info","message":"\u001b[90m[discovery] \u001b[39m- ignoring file index.js","service":"user-service"}
{"level":"error","message":"EIO: i/o error, write","service":"user-service"}
{"level":"info","message":"\u001b[90m[discovery] \u001b[39mORM entity discovery started, using \u001b[36mReflectMetadataProvider\u001b[39m","service":"user-service"}
{"level":"info","message":"\u001b[90m[discovery] \u001b[39mORM entity discovery started, using \u001b[36mReflectMetadataProvider\u001b[39m","service":"user-service"}
{"level":"info","message":"\u001b[90m[discovery] \u001b[39m- processing \u001b[36m44\u001b[39m files","service":"user-service"}
{"level":"error","message":"Entity 'CommentArgs' not found in ./dist/entities/Comment/args/comment-args.js","service":"user-service"}
{"level":"info","message":"\u001b[90m[discovery] \u001b[39m- ignoring file index.js","service":"user-service"}
{"level":"info","message":"\u001b[90m[discovery] \u001b[39m- ignoring file index.js","service":"user-service"}
{"level":"info","message":"\u001b[90m[discovery] \u001b[39m- ignoring file index.js","service":"user-service"}
{"level":"info","message":"\u001b[90m[discovery] \u001b[39m- ignoring file index.js","service":"user-service"}
{"level":"info","message":"\u001b[90m[discovery] \u001b[39m- ignoring file index.js","service":"user-service"}
{"level":"info","message":"\u001b[90m[discovery] \u001b[39m- ignoring file index.js","service":"user-service"}
{"level":"info","message":"\u001b[90m[discovery] \u001b[39m- ignoring file index.js","service":"user-service"}
{"level":"info","message":"\u001b[90m[discovery] \u001b[39m- ignoring file index.js","service":"user-service"}
{"level":"info","message":"\u001b[90m[discovery] \u001b[39mORM entity discovery started, using \u001b[36mReflectMetadataProvider\u001b[39m","service":"user-service"}
{"level":"info","message":"\u001b[90m[discovery] \u001b[39m- processing \u001b[36m44\u001b[39m files","service":"user-service"}
{"level":"error","message":"EIO: i/o error, write","service":"user-service"}
{"level":"info","message":"\u001b[90m[discovery] \u001b[39mORM entity discovery started, using \u001b[36mReflectMetadataProvider\u001b[39m","service":"user-service"}
{"level":"error","message":"Entity 'CommentArgs' not found in ./dist/entities/Comment/args/comment-args.js","service":"user-service"}
{"level":"info","message":"\u001b[90m[discovery] \u001b[39m- ignoring file index.js","service":"user-service"}
{"level":"info","message":"\u001b[90m[discovery] \u001b[39m- ignoring file index.js","service":"user-service"}
{"level":"info","message":"\u001b[90m[discovery] \u001b[39m- ignoring file index.js","service":"user-service"}
{"level":"info","message":"\u001b[90m[discovery] \u001b[39m- ignoring file index.js","service":"user-service"}
{"level":"info","message":"\u001b[90m[discovery] \u001b[39m- ignoring file index.js","service":"user-service"}
{"level":"info","message":"\u001b[90m[discovery] \u001b[39m- ignoring file index.js","service":"user-service"}
{"level":"info","message":"\u001b[90m[discovery] \u001b[39m- ignoring file index.js","service":"user-service"}
{"level":"info","message":"\u001b[90m[discovery] \u001b[39m- ignoring file index.js","service":"user-service"}
{"level":"error","message":"EIO: i/o error, write","service":"user-service"}
{"level":"info","message":"\u001b[90m[discovery] \u001b[39mORM entity discovery started, using \u001b[36mReflectMetadataProvider\u001b[39m","service":"user-service"}
{"level":"info","message":"\u001b[90m[discovery] \u001b[39mORM entity discovery started, using \u001b[36mReflectMetadataProvider\u001b[39m","service":"user-service"}
{"level":"info","message":"\u001b[90m[discovery] \u001b[39m- processing \u001b[36m44\u001b[39m files","service":"user-service"}
{"level":"info","message":"\u001b[90m[discovery] \u001b[39mORM entity discovery started, using \u001b[36mReflectMetadataProvider\u001b[39m","service":"user-service"}
{"level":"info","message":"\u001b[90m[discovery] \u001b[39m- processing \u001b[36m44\u001b[39m files","service":"user-service"}
{"level":"error","message":"Entity 'CommentArgs' not found in ./dist/entities/Comment/args/comment-args.js","service":"user-service"}
{"level":"info","message":"\u001b[90m[discovery] \u001b[39m- ignoring file index.js","service":"user-service"}
{"level":"info","message":"\u001b[90m[discovery] \u001b[39m- ignoring file index.js","service":"user-service"}
{"level":"info","message":"\u001b[90m[discovery] \u001b[39m- ignoring file index.js","service":"user-service"}
{"level":"info","message":"\u001b[90m[discovery] \u001b[39m- ignoring file index.js","service":"user-service"}
{"level":"info","message":"\u001b[90m[discovery] \u001b[39m- ignoring file index.js","service":"user-service"}
{"level":"info","message":"\u001b[90m[discovery] \u001b[39m- ignoring file index.js","service":"user-service"}
{"level":"info","message":"\u001b[90m[discovery] \u001b[39m- ignoring file index.js","service":"user-service"}
{"level":"info","message":"\u001b[90m[discovery] \u001b[39m- ignoring file index.js","service":"user-service"}
{"level":"error","message":"EIO: i/o error, write","service":"user-service"}
{"level":"info","message":"\u001b[90m[discovery] \u001b[39mORM entity discovery started, using \u001b[36mReflectMetadataProvider\u001b[39m","service":"user-service"}
{"level":"error","message":"EIO: i/o error, write","service":"user-service"}
{"level":"info","message":"\u001b[90m[discovery] \u001b[39mORM entity discovery started, using \u001b[36mReflectMetadataProvider\u001b[39m","service":"user-service"}
{"level":"info","message":"\u001b[90m[discovery] \u001b[39mORM entity discovery started, using \u001b[36mReflectMetadataProvider\u001b[39m","service":"user-service"}
{"level":"info","message":"\u001b[90m[discovery] \u001b[39mORM entity discovery started, using \u001b[36mReflectMetadataProvider\u001b[39m","service":"user-service"}
{"level":"info","message":"\u001b[90m[discovery] \u001b[39m- processing \u001b[36m44\u001b[39m files","service":"user-service"}
{"level":"error","message":"EIO: i/o error, write","service":"user-service"}
{"level":"info","message":"\u001b[90m[discovery] \u001b[39mORM entity discovery started, using \u001b[36mReflectMetadataProvider\u001b[39m","service":"user-service"}
{"level":"error","message":"Entity 'CommentArgs' not found in ./dist/entities/Comment/args/comment-args.js","service":"user-service"}
{"level":"info","message":"\u001b[90m[discovery] \u001b[39m- ignoring file index.js","service":"user-service"}
{"level":"info","message":"\u001b[90m[discovery] \u001b[39m- ignoring file index.js","service":"user-service"}
{"level":"info","message":"\u001b[90m[discovery] \u001b[39m- ignoring file index.js","service":"user-service"}
{"level":"info","message":"\u001b[90m[discovery] \u001b[39m- ignoring file index.js","service":"user-service"}
{"level":"info","message":"\u001b[90m[discovery] \u001b[39m- ignoring file index.js","service":"user-service"}
{"level":"info","message":"\u001b[90m[discovery] \u001b[39m- ignoring file index.js","service":"user-service"}
{"level":"info","message":"\u001b[90m[discovery] \u001b[39m- ignoring file index.js","service":"user-service"}
{"level":"info","message":"\u001b[90m[discovery] \u001b[39m- ignoring file index.js","service":"user-service"}
{"level":"error","message":"EIO: i/o error, write","service":"user-service"}
{"level":"info","message":"\u001b[90m[discovery] \u001b[39mORM entity discovery started, using \u001b[36mReflectMetadataProvider\u001b[39m","service":"user-service"}
{"level":"info","message":"\u001b[90m[discovery] \u001b[39mORM entity discovery started, using \u001b[36mReflectMetadataProvider\u001b[39m","service":"user-service"}
{"level":"info","message":"\u001b[90m[discovery] \u001b[39m- processing \u001b[36m44\u001b[39m files","service":"user-service"}
{"level":"error","message":"Entity 'CommentArgs' not found in ./dist/entities/Comment/args/comment-args.js","service":"user-service"}
{"level":"info","message":"\u001b[90m[discovery] \u001b[39m- ignoring file index.js","service":"user-service"}
{"level":"info","message":"\u001b[90m[discovery] \u001b[39m- ignoring file index.js","service":"user-service"}
{"level":"info","message":"\u001b[90m[discovery] \u001b[39m- ignoring file index.js","service":"user-service"}
{"level":"info","message":"\u001b[90m[discovery] \u001b[39m- ignoring file index.js","service":"user-service"}
{"level":"info","message":"\u001b[90m[discovery] \u001b[39m- ignoring file index.js","service":"user-service"}
{"level":"info","message":"\u001b[90m[discovery] \u001b[39m- ignoring file index.js","service":"user-service"}
{"level":"info","message":"\u001b[90m[discovery] \u001b[39m- ignoring file index.js","service":"user-service"}
{"level":"info","message":"\u001b[90m[discovery] \u001b[39m- ignoring file index.js","service":"user-service"}
{"level":"error","message":"EIO: i/o error, write","service":"user-service"}
{"level":"info","message":"\u001b[90m[discovery] \u001b[39mORM entity discovery started, using \u001b[36mReflectMetadataProvider\u001b[39m","service":"user-service"}
{"level":"info","message":"\u001b[90m[discovery] \u001b[39mORM entity discovery started, using \u001b[36mReflectMetadataProvider\u001b[39m","service":"user-service"}
{"level":"info","message":"\u001b[90m[discovery] \u001b[39m- processing \u001b[36m45\u001b[39m files","service":"user-service"}
{"level":"error","message":"Entity 'CommentArgs' not found in ./dist/entities/Comment/args/comment-args.js","service":"user-service"}
{"level":"info","message":"\u001b[90m[discovery] \u001b[39m- ignoring file index.js","service":"user-service"}
{"level":"info","message":"\u001b[90m[discovery] \u001b[39m- ignoring file index.js","service":"user-service"}
{"level":"info","message":"\u001b[90m[discovery] \u001b[39m- ignoring file index.js","service":"user-service"}
{"level":"info","message":"\u001b[90m[discovery] \u001b[39m- ignoring file index.js","service":"user-service"}
{"level":"info","message":"\u001b[90m[discovery] \u001b[39m- ignoring file index.js","service":"user-service"}
{"level":"info","message":"\u001b[90m[discovery] \u001b[39m- ignoring file index.js","service":"user-service"}
{"level":"info","message":"\u001b[90m[discovery] \u001b[39m- ignoring file index.js","service":"user-service"}
{"level":"info","message":"\u001b[90m[discovery] \u001b[39m- ignoring file index.js","service":"user-service"}
{"level":"info","message":"\u001b[90m[discovery] \u001b[39mORM entity discovery started, using \u001b[36mReflectMetadataProvider\u001b[39m","service":"user-service"}
{"level":"info","message":"\u001b[90m[discovery] \u001b[39m- processing \u001b[36m45\u001b[39m files","service":"user-service"}
{"level":"error","message":"Entity 'CommentArgs' not found in ./dist/entities/Comment/args/comment-args.js","service":"user-service"}
{"level":"info","message":"\u001b[90m[discovery] \u001b[39m- ignoring file index.js","service":"user-service"}
{"level":"info","message":"\u001b[90m[discovery] \u001b[39m- ignoring file index.js","service":"user-service"}
{"level":"info","message":"\u001b[90m[discovery] \u001b[39m- ignoring file index.js","service":"user-service"}
{"level":"info","message":"\u001b[90m[discovery] \u001b[39m- ignoring file index.js","service":"user-service"}
{"level":"info","message":"\u001b[90m[discovery] \u001b[39m- ignoring file index.js","service":"user-service"}
{"level":"info","message":"\u001b[90m[discovery] \u001b[39m- ignoring file index.js","service":"user-service"}
{"level":"info","message":"\u001b[90m[discovery] \u001b[39m- ignoring file index.js","service":"user-service"}
{"level":"info","message":"\u001b[90m[discovery] \u001b[39m- ignoring file index.js","service":"user-service"}
{"level":"error","message":"EIO: i/o error, write","service":"user-service"}
{"level":"info","message":"\u001b[90m[discovery] \u001b[39mORM entity discovery started, using \u001b[36mReflectMetadataProvider\u001b[39m","service":"user-service"}
{"level":"info","message":"\u001b[90m[discovery] \u001b[39mORM entity discovery started, using \u001b[36mReflectMetadataProvider\u001b[39m","service":"user-service"}
{"level":"info","message":"\u001b[90m[discovery] \u001b[39m- processing \u001b[36m46\u001b[39m files","service":"user-service"}
{"level":"error","message":"Entity 'CommentArgs' not found in ./dist/entities/Comment/args/comment-args.js","service":"user-service"}
{"level":"error","message":"EIO: i/o error, write","service":"user-service"}
{"level":"info","message":"\u001b[90m[discovery] \u001b[39m- ignoring file index.js","service":"user-service"}
{"level":"info","message":"\u001b[90m[discovery] \u001b[39m- ignoring file index.js","service":"user-service"}
{"level":"info","message":"\u001b[90m[discovery] \u001b[39m- ignoring file index.js","service":"user-service"}
{"level":"info","message":"\u001b[90m[discovery] \u001b[39m- ignoring file index.js","service":"user-service"}
{"level":"info","message":"\u001b[90m[discovery] \u001b[39m- ignoring file index.js","service":"user-service"}
{"level":"info","message":"\u001b[90m[discovery] \u001b[39m- ignoring file index.js","service":"user-service"}
{"level":"info","message":"\u001b[90m[discovery] \u001b[39m- ignoring file index.js","service":"user-service"}
{"level":"info","message":"\u001b[90m[discovery] \u001b[39m- ignoring file index.js","service":"user-service"}
{"level":"info","message":"\u001b[90m[discovery] \u001b[39mORM entity discovery started, using \u001b[36mReflectMetadataProvider\u001b[39m","service":"user-service"}
{"level":"info","message":"\u001b[90m[discovery] \u001b[39mORM entity discovery started, using \u001b[36mReflectMetadataProvider\u001b[39m","service":"user-service"}
{"level":"info","message":"\u001b[90m[discovery] \u001b[39m- processing \u001b[36m46\u001b[39m files","service":"user-service"}
{"level":"error","message":"Entity 'CommentArgs' not found in ./dist/entities/Comment/args/comment-args.js","service":"user-service"}
{"level":"info","message":"\u001b[90m[discovery] \u001b[39m- ignoring file index.js","service":"user-service"}
{"level":"info","message":"\u001b[90m[discovery] \u001b[39m- ignoring file index.js","service":"user-service"}
{"level":"info","message":"\u001b[90m[discovery] \u001b[39m- ignoring file index.js","service":"user-service"}
{"level":"info","message":"\u001b[90m[discovery] \u001b[39m- ignoring file index.js","service":"user-service"}
{"level":"info","message":"\u001b[90m[discovery] \u001b[39m- ignoring file index.js","service":"user-service"}
{"level":"info","message":"\u001b[90m[discovery] \u001b[39m- ignoring file index.js","service":"user-service"}
{"level":"info","message":"\u001b[90m[discovery] \u001b[39m- ignoring file index.js","service":"user-service"}
{"level":"info","message":"\u001b[90m[discovery] \u001b[39m- ignoring file index.js","service":"user-service"}
{"level":"error","message":"EIO: i/o error, write","service":"user-service"}
{"level":"info","message":"\u001b[90m[discovery] \u001b[39mORM entity discovery started, using \u001b[36mReflectMetadataProvider\u001b[39m","service":"user-service"}
